{"meta": {"format": 3, "version": "7.15.0", "timestamp": "2026-07-12T00:32:26.102814", "branch_coverage": true, "show_contexts": false}, "files": {"src\\mcs\\__init__.py": {"executed_lines": [11, 19, 27, 43, 52, 70, 71, 72, 80, 82, 83], "summary": {"covered_lines": 11, "num_statements": 11, "percent_covered": 100.0, "percent_covered_display": "100", "missing_lines": 0, "excluded_lines": 0, "percent_statements_covered": 100.0, "percent_statements_covered_display": "100", "num_branches": 0, "num_partial_branches": 0, "covered_branches": 0, "missing_branches": 0, "percent_branches_covered": 100.0, "percent_branches_covered_display": "100"}, "missing_lines": [], "excluded_lines": [], "executed_branches": [], "missing_branches": [], "functions": {"": {"executed_lines": [11, 19, 27, 43, 52, 70, 71, 72, 80, 82, 83], "summary": {"covered_lines": 11, "num_statements": 11, "percent_covered": 100.0, "percent_covered_display": "100", "missing_lines": 0, "excluded_lines": 0, "percent_statements_covered": 100.0, "percent_statements_covered_display": "100", "num_branches": 0, "num_partial_branches": 0, "covered_branches": 0, "missing_branches": 0, "percent_branches_covered": 100.0, "percent_branches_covered_display": "100"}, "missing_lines": [], "excluded_lines": [], "start_line": 1, "executed_branches": [], "missing_branches": []}}, "classes": {"": {"executed_lines": [11, 19, 27, 43, 52, 70, 71, 72, 80, 82, 83], "summary": {"covered_lines": 11, "num_statements": 11, "percent_covered": 100.0, "percent_covered_display": "100", "missing_lines": 0, "excluded_lines": 0, "percent_statements_covered": 100.0, "percent_statements_covered_display": "100", "num_branches": 0, "num_partial_branches": 0, "covered_branches": 0, "missing_branches": 0, "percent_branches_covered": 100.0, "percent_branches_covered_display": "100"}, "missing_lines": [], "excluded_lines": [], "start_line": 1, "executed_branches": [], "missing_branches": []}}}, "src\\mcs\\baselines.py": {"executed_lines": [24, 26, 27, 28, 30, 31, 33, 34, 42, 44, 47, 50, 52, 53, 54, 55, 56, 59, 61, 64, 66, 69, 71, 79, 80, 83, 84, 85, 86, 87, 88, 89, 90, 91, 93, 94, 97, 98, 100, 101, 102, 105, 119, 120, 121, 122, 123, 124, 137, 138, 141, 142, 143, 144, 147, 179, 180, 183, 184, 185, 186, 196, 197, 199, 200, 201, 202, 203, 204, 220, 221, 223, 224, 225, 231, 239, 240, 241, 256, 257, 258, 259, 260, 261, 278, 288, 291, 293, 294, 295, 296, 297, 298, 299, 300, 301, 302, 310], "summary": {"covered_lines": 98, "num_statements": 102, "percent_covered": 92.24137931034483, "percent_covered_display": "92", "missing_lines": 4, "excluded_lines": 0, "percent_statements_covered": 96.07843137254902, "percent_statements_covered_display": "96", "num_branches": 14, "num_partial_branches": 3, "covered_branches": 9, "missing_branches": 5, "percent_branches_covered": 64.28571428571429, "percent_branches_covered_display": "64"}, "missing_lines": [51, 99, 279, 280], "excluded_lines": [], "executed_branches": [[50, 52], [53, 54], [53, 56], [98, 100], [100, 101], [100, 102], [278, 288], [294, 295], [294, 301]], "missing_branches": [[50, 51], [98, 99], [278, 279], [279, 280], [279, 288]], "functions": {"baseline_threshold": {"executed_lines": [44], "summary": {"covered_lines": 1, "num_statements": 1, "percent_covered": 100.0, "percent_covered_display": "100", "missing_lines": 0, "excluded_lines": 0, "percent_statements_covered": 100.0, "percent_statements_covered_display": "100", "num_branches": 0, "num_partial_branches": 0, "covered_branches": 0, "missing_branches": 0, "percent_branches_covered": 100.0, "percent_branches_covered_display": "100"}, "missing_lines": [], "excluded_lines": [], "start_line": 42, "executed_branches": [], "missing_branches": []}, "moving_average": {"executed_lines": [50, 52, 53, 54, 55, 56], "summary": {"covered_lines": 6, "num_statements": 7, "percent_covered": 81.81818181818181, "percent_covered_display": "82", "missing_lines": 1, "excluded_lines": 0, "percent_statements_covered": 85.71428571428571, "percent_statements_covered_display": "86", "num_branches": 4, "num_partial_branches": 1, "covered_branches": 3, "missing_branches": 1, "percent_branches_covered": 75.0, "percent_branches_covered_display": "75"}, "missing_lines": [51], "excluded_lines": [], "start_line": 47, "executed_branches": [[50, 52], [53, 54], [53, 56]], "missing_branches": [[50, 51]]}, "baseline_moving_average": {"executed_lines": [61], "summary": {"covered_lines": 1, "num_statements": 1, "percent_covered": 100.0, "percent_covered_display": "100", "missing_lines": 0, "excluded_lines": 0, "percent_statements_covered": 100.0, "percent_statements_covered_display": "100", "num_branches": 0, "num_partial_branches": 0, "covered_branches": 0, "missing_branches": 0, "percent_branches_covered": 100.0, "percent_branches_covered_display": "100"}, "missing_lines": [], "excluded_lines": [], "start_line": 59, "executed_branches": [], "missing_branches": []}, "mcs_alarm": {"executed_lines": [66], "summary": {"covered_lines": 1, "num_statements": 1, "percent_covered": 100.0, "percent_covered_display": "100", "missing_lines": 0, "excluded_lines": 0, "percent_statements_covered": 100.0, "percent_statements_covered_display": "100", "num_branches": 0, "num_partial_branches": 0, "covered_branches": 0, "missing_branches": 0, "percent_branches_covered": 100.0, "percent_branches_covered_display": "100"}, "missing_lines": [], "excluded_lines": [], "start_line": 64, "executed_branches": [], "missing_branches": []}, "rupture_time": {"executed_lines": [71], "summary": {"covered_lines": 1, "num_statements": 1, "percent_covered": 100.0, "percent_covered_display": "100", "missing_lines": 0, "excluded_lines": 0, "percent_statements_covered": 100.0, "percent_statements_covered_display": "100", "num_branches": 0, "num_partial_branches": 0, "covered_branches": 0, "missing_branches": 0, "percent_branches_covered": 100.0, "percent_branches_covered_display": "100"}, "missing_lines": [], "excluded_lines": [], "start_line": 69, "executed_branches": [], "missing_branches": []}, "ComparisonRecord.as_dict": {"executed_lines": [94], "summary": {"covered_lines": 1, "num_statements": 1, "percent_covered": 100.0, "percent_covered_display": "100", "missing_lines": 0, "excluded_lines": 0, "percent_statements_covered": 100.0, "percent_statements_covered_display": "100", "num_branches": 0, "num_partial_branches": 0, "covered_branches": 0, "missing_branches": 0, "percent_branches_covered": 100.0, "percent_branches_covered_display": "100"}, "missing_lines": [], "excluded_lines": [], "start_line": 93, "executed_branches": [], "missing_branches": []}, "_lead": {"executed_lines": [98, 100, 101, 102], "summary": {"covered_lines": 4, "num_statements": 5, "percent_covered": 77.77777777777777, "percent_covered_display": "78", "missing_lines": 1, "excluded_lines": 0, "percent_statements_covered": 80.0, "percent_statements_covered_display": "80", "num_branches": 4, "num_partial_branches": 1, "covered_branches": 3, "missing_branches": 1, "percent_branches_covered": 75.0, "percent_branches_covered_display": "75"}, "missing_lines": [99], "excluded_lines": [], "start_line": 97, "executed_branches": [[98, 100], [100, 101], [100, 102]], "missing_branches": [[98, 99]]}, "compare_detectors": {"executed_lines": [119, 120, 121, 122, 123, 124], "summary": {"covered_lines": 6, "num_statements": 6, "percent_covered": 100.0, "percent_covered_display": "100", "missing_lines": 0, "excluded_lines": 0, "percent_statements_covered": 100.0, "percent_statements_covered_display": "100", "num_branches": 0, "num_partial_branches": 0, "covered_branches": 0, "missing_branches": 0, "percent_branches_covered": 100.0, "percent_branches_covered_display": "100"}, "missing_lines": [], "excluded_lines": [], "start_line": 105, "executed_branches": [], "missing_branches": []}, "falsification_run": {"executed_lines": [179, 180, 183, 184, 185, 186, 196, 199, 200, 201, 202, 203, 204, 220, 223, 224, 225, 231, 239, 240, 241, 256, 257, 258, 259, 260, 261, 278, 288], "summary": {"covered_lines": 29, "num_statements": 31, "percent_covered": 85.71428571428571, "percent_covered_display": "86", "missing_lines": 2, "excluded_lines": 0, "percent_statements_covered": 93.54838709677419, "percent_statements_covered_display": "94", "num_branches": 4, "num_partial_branches": 1, "covered_branches": 1, "missing_branches": 3, "percent_branches_covered": 25.0, "percent_branches_covered_display": "25"}, "missing_lines": [279, 280], "excluded_lines": [], "start_line": 147, "executed_branches": [[278, 288]], "missing_branches": [[278, 279], [279, 280], [279, 288]]}, "falsification_run.choc": {"executed_lines": [197], "summary": {"covered_lines": 1, "num_statements": 1, "percent_covered": 100.0, "percent_covered_display": "100", "missing_lines": 0, "excluded_lines": 0, "percent_statements_covered": 100.0, "percent_statements_covered_display": "100", "num_branches": 0, "num_partial_branches": 0, "covered_branches": 0, "missing_branches": 0, "percent_branches_covered": 100.0, "percent_branches_covered_display": "100"}, "missing_lines": [], "excluded_lines": [], "start_line": 196, "executed_branches": [], "missing_branches": []}, "falsification_run.montee": {"executed_lines": [221], "summary": {"covered_lines": 1, "num_statements": 1, "percent_covered": 100.0, "percent_covered_display": "100", "missing_lines": 0, "excluded_lines": 0, "percent_statements_covered": 100.0, "percent_statements_covered_display": "100", "num_branches": 0, "num_partial_branches": 0, "covered_branches": 0, "missing_branches": 0, "percent_branches_covered": 100.0, "percent_branches_covered_display": "100"}, "missing_lines": [], "excluded_lines": [], "start_line": 220, "executed_branches": [], "missing_branches": []}, "falsification_report": {"executed_lines": [293, 294, 295, 296, 297, 298, 299, 300, 301, 302, 310], "summary": {"covered_lines": 11, "num_statements": 11, "percent_covered": 100.0, "percent_covered_display": "100", "missing_lines": 0, "excluded_lines": 0, "percent_statements_covered": 100.0, "percent_statements_covered_display": "100", "num_branches": 2, "num_partial_branches": 0, "covered_branches": 2, "missing_branches": 0, "percent_branches_covered": 100.0, "percent_branches_covered_display": "100"}, "missing_lines": [], "excluded_lines": [], "start_line": 291, "executed_branches": [[294, 295], [294, 301]], "missing_branches": []}, "": {"executed_lines": [24, 26, 27, 28, 30, 31, 33, 34, 42, 47, 59, 64, 69, 79, 80, 83, 84, 85, 86, 87, 88, 89, 90, 91, 93, 97, 105, 137, 138, 141, 142, 143, 144, 147, 291], "summary": {"covered_lines": 35, "num_statements": 35, "percent_covered": 100.0, "percent_covered_display": "100", "missing_lines": 0, "excluded_lines": 0, "percent_statements_covered": 100.0, "percent_statements_covered_display": "100", "num_branches": 0, "num_partial_branches": 0, "covered_branches": 0, "missing_branches": 0, "percent_branches_covered": 100.0, "percent_branches_covered_display": "100"}, "missing_lines": [], "excluded_lines": [], "start_line": 1, "executed_branches": [], "missing_branches": []}}, "classes": {"ComparisonRecord": {"executed_lines": [94], "summary": {"covered_lines": 1, "num_statements": 1, "percent_covered": 100.0, "percent_covered_display": "100", "missing_lines": 0, "excluded_lines": 0, "percent_statements_covered": 100.0, "percent_statements_covered_display": "100", "num_branches": 0, "num_partial_branches": 0, "covered_branches": 0, "missing_branches": 0, "percent_branches_covered": 100.0, "percent_branches_covered_display": "100"}, "missing_lines": [], "excluded_lines": [], "start_line": 80, "executed_branches": [], "missing_branches": []}, "FalsificationRecord": {"executed_lines": [], "summary": {"covered_lines": 0, "num_statements": 0, "percent_covered": 100.0, "percent_covered_display": "100", "missing_lines": 0, "excluded_lines": 0, "percent_statements_covered": 100.0, "percent_statements_covered_display": "100", "num_branches": 0, "num_partial_branches": 0, "covered_branches": 0, "missing_branches": 0, "percent_branches_covered": 100.0, "percent_branches_covered_display": "100"}, "missing_lines": [], "excluded_lines": [], "start_line": 138, "executed_branches": [], "missing_branches": []}, "": {"executed_lines": [24, 26, 27, 28, 30, 31, 33, 34, 42, 44, 47, 50, 52, 53, 54, 55, 56, 59, 61, 64, 66, 69, 71, 79, 80, 83, 84, 85, 86, 87, 88, 89, 90, 91, 93, 97, 98, 100, 101, 102, 105, 119, 120, 121, 122, 123, 124, 137, 138, 141, 142, 143, 144, 147, 179, 180, 183, 184, 185, 186, 196, 197, 199, 200, 201, 202, 203, 204, 220, 221, 223, 224, 225, 231, 239, 240, 241, 256, 257, 258, 259, 260, 261, 278, 288, 291, 293, 294, 295, 296, 297, 298, 299, 300, 301, 302, 310], "summary": {"covered_lines": 97, "num_statements": 101, "percent_covered": 92.17391304347827, "percent_covered_display": "92", "missing_lines": 4, "excluded_lines": 0, "percent_statements_covered": 96.03960396039604, "percent_statements_covered_display": "96", "num_branches": 14, "num_partial_branches": 3, "covered_branches": 9, "missing_branches": 5, "percent_branches_covered": 64.28571428571429, "percent_branches_covered_display": "64"}, "missing_lines": [51, 99, 279, 280], "excluded_lines": [], "start_line": 1, "executed_branches": [[50, 52], [53, 54], [53, 56], [98, 100], [100, 101], [100, 102], [278, 288], [294, 295], [294, 301]], "missing_branches": [[50, 51], [98, 99], [278, 279], [279, 280], [279, 288]]}}}, "src\\mcs\\benchmark.py": {"executed_lines": [40, 42, 43, 44, 45, 46, 48, 56, 57, 58, 61, 62, 65, 66, 67, 68, 69, 70, 73, 76, 77, 78, 79, 82, 83, 84, 85, 86, 87, 88, 91, 93, 94, 95, 96, 97, 98, 99, 100, 103, 105, 106, 107, 108, 109, 110, 111, 112, 113, 114, 115, 116, 117, 118, 121, 123, 124, 125, 126, 127, 128, 129, 130, 131, 134, 137, 138, 139, 140, 141, 142, 143, 144, 145, 146, 147, 148, 151, 153, 154, 157, 158, 159, 160, 161, 162, 165, 174, 177, 178, 179, 180, 181, 190, 191, 192, 193, 194, 195, 198, 212, 213, 214, 215, 216, 217, 218, 219, 221, 222, 223, 225, 226, 229, 230, 233, 234, 235, 236, 237, 238, 241, 242, 243, 244, 245, 246, 249, 252, 253, 254, 255, 256, 257, 258, 259, 260, 261, 262, 263, 264, 265, 268, 270, 271, 272, 273, 274, 275, 278, 294, 302, 303, 304, 305, 306, 307, 308, 309, 310, 311, 312, 313, 314, 316, 317, 318, 319, 320, 323, 326, 327, 328, 331, 332, 335, 336, 337, 338, 339, 340, 341, 342, 343, 344, 345, 346, 347, 349, 350, 352, 353, 354, 355, 356, 357, 358, 360, 361, 362, 363, 364, 365, 366, 367, 374, 375, 376, 377, 378, 379, 389, 404, 407, 408, 410, 411, 414, 416, 417, 420, 422, 424, 425, 426, 427, 428, 429, 430, 433, 437, 438, 439, 440, 441, 442, 443, 444, 445, 448, 454, 456, 457, 459, 460, 475, 476, 477, 478, 479, 480, 481, 483, 484, 493, 508, 509, 510, 511, 513, 514, 515, 516, 517, 519, 520, 521, 522, 524, 525, 526, 540, 543], "summary": {"covered_lines": 273, "num_statements": 287, "percent_covered": 93.33333333333333, "percent_covered_display": "93", "missing_lines": 14, "excluded_lines": 0, "percent_statements_covered": 95.1219512195122, "percent_statements_covered_display": "95", "num_branches": 58, "num_partial_branches": 3, "covered_branches": 49, "missing_branches": 9, "percent_branches_covered": 84.48275862068965, "percent_branches_covered_display": "84"}, "missing_lines": [409, 423, 458, 544, 558, 559, 564, 565, 592, 593, 594, 595, 598, 606], "excluded_lines": [], "executed_branches": [[77, 78], [77, 79], [84, 85], [84, 88], [86, 84], [86, 87], [110, 111], [110, 114], [213, 214], [213, 226], [217, 218], [217, 225], [218, 219], [218, 221], [235, 236], [235, 238], [243, 244], [243, 246], [253, 254], [253, 265], [258, 259], [258, 261], [272, 273], [272, 275], [341, 342], [341, 363], [344, 345], [344, 352], [345, 346], [345, 349], [352, 353], [352, 360], [365, 366], [365, 374], [408, 410], [422, 424], [428, 429], [428, 430], [437, 438], [437, 439], [439, 440], [439, 441], [441, 442], [441, 443], [457, 459], [508, 509], [508, 510], [514, 515], [514, 519]], "missing_branches": [[408, 409], [422, 423], [457, 458], [558, 559], [558, 564], [593, 594], [593, 598], [594, 593], [594, 595]], "functions": {"_noisy": {"executed_lines": [76, 77, 78, 79], "summary": {"covered_lines": 4, "num_statements": 4, "percent_covered": 100.0, "percent_covered_display": "100", "missing_lines": 0, "excluded_lines": 0, "percent_statements_covered": 100.0, "percent_statements_covered_display": "100", "num_branches": 2, "num_partial_branches": 0, "covered_branches": 2, "missing_branches": 0, "percent_branches_covered": 100.0, "percent_branches_covered_display": "100"}, "missing_lines": [], "excluded_lines": [], "start_line": 73, "executed_branches": [[77, 78], [77, 79]], "missing_branches": []}, "_hidden_event": {"executed_lines": [83, 84, 85, 86, 87, 88], "summary": {"covered_lines": 6, "num_statements": 6, "percent_covered": 100.0, "percent_covered_display": "100", "missing_lines": 0, "excluded_lines": 0, "percent_statements_covered": 100.0, "percent_statements_covered_display": "100", "num_branches": 4, "num_partial_branches": 0, "covered_branches": 4, "missing_branches": 0, "percent_branches_covered": 100.0, "percent_branches_covered_display": "100"}, "missing_lines": [], "excluded_lines": [], "start_line": 82, "executed_branches": [[84, 85], [84, 88], [86, 84], [86, 87]], "missing_branches": []}, "_ramp_to_break": {"executed_lines": [93, 94, 95, 96, 97, 98, 99, 100], "summary": {"covered_lines": 8, "num_statements": 8, "percent_covered": 100.0, "percent_covered_display": "100", "missing_lines": 0, "excluded_lines": 0, "percent_statements_covered": 100.0, "percent_statements_covered_display": "100", "num_branches": 0, "num_partial_branches": 0, "covered_branches": 0, "missing_branches": 0, "percent_branches_covered": 100.0, "percent_branches_covered_display": "100"}, "missing_lines": [], "excluded_lines": [], "start_line": 91, "executed_branches": [], "missing_branches": []}, "_regime_switch": {"executed_lines": [105, 106, 107, 108, 109, 110, 111, 112, 113, 114, 115, 116, 117, 118], "summary": {"covered_lines": 14, "num_statements": 14, "percent_covered": 100.0, "percent_covered_display": "100", "missing_lines": 0, "excluded_lines": 0, "percent_statements_covered": 100.0, "percent_statements_covered_display": "100", "num_branches": 2, "num_partial_branches": 0, "covered_branches": 2, "missing_branches": 0, "percent_branches_covered": 100.0, "percent_branches_covered_display": "100"}, "missing_lines": [], "excluded_lines": [], "start_line": 103, "executed_branches": [[110, 111], [110, 114]], "missing_branches": []}, "_false_shock": {"executed_lines": [123, 124, 125, 126, 127, 128, 129, 130, 131], "summary": {"covered_lines": 9, "num_statements": 9, "percent_covered": 100.0, "percent_covered_display": "100", "missing_lines": 0, "excluded_lines": 0, "percent_statements_covered": 100.0, "percent_statements_covered_display": "100", "num_branches": 0, "num_partial_branches": 0, "covered_branches": 0, "missing_branches": 0, "percent_branches_covered": 100.0, "percent_branches_covered_display": "100"}, "missing_lines": [], "excluded_lines": [], "start_line": 121, "executed_branches": [], "missing_branches": []}, "_silent_erosion": {"executed_lines": [137, 138, 139, 140, 141, 142, 143, 144, 145, 146, 147, 148], "summary": {"covered_lines": 12, "num_statements": 12, "percent_covered": 100.0, "percent_covered_display": "100", "missing_lines": 0, "excluded_lines": 0, "percent_statements_covered": 100.0, "percent_statements_covered_display": "100", "num_branches": 0, "num_partial_branches": 0, "covered_branches": 0, "missing_branches": 0, "percent_branches_covered": 100.0, "percent_branches_covered_display": "100"}, "missing_lines": [], "excluded_lines": [], "start_line": 134, "executed_branches": [], "missing_branches": []}, "_recovery": {"executed_lines": [153, 154, 157, 158, 159, 160, 161, 162], "summary": {"covered_lines": 8, "num_statements": 8, "percent_covered": 100.0, "percent_covered_display": "100", "missing_lines": 0, "excluded_lines": 0, "percent_statements_covered": 100.0, "percent_statements_covered_display": "100", "num_branches": 0, "num_partial_branches": 0, "covered_branches": 0, "missing_branches": 0, "percent_branches_covered": 100.0, "percent_branches_covered_display": "100"}, "missing_lines": [], "excluded_lines": [], "start_line": 151, "executed_branches": [], "missing_branches": []}, "generate": {"executed_lines": [177, 178, 179, 180, 181], "summary": {"covered_lines": 5, "num_statements": 5, "percent_covered": 100.0, "percent_covered_display": "100", "missing_lines": 0, "excluded_lines": 0, "percent_statements_covered": 100.0, "percent_statements_covered_display": "100", "num_branches": 0, "num_partial_branches": 0, "covered_branches": 0, "missing_branches": 0, "percent_branches_covered": 100.0, "percent_branches_covered_display": "100"}, "missing_lines": [], "excluded_lines": [], "start_line": 174, "executed_branches": [], "missing_branches": []}, "_score_mcs": {"executed_lines": [212, 213, 214, 215, 216, 217, 218, 219, 221, 222, 223, 225, 226], "summary": {"covered_lines": 13, "num_statements": 13, "percent_covered": 100.0, "percent_covered_display": "100", "missing_lines": 0, "excluded_lines": 0, "percent_statements_covered": 100.0, "percent_statements_covered_display": "100", "num_branches": 6, "num_partial_branches": 0, "covered_branches": 6, "missing_branches": 0, "percent_branches_covered": 100.0, "percent_branches_covered_display": "100"}, "missing_lines": [], "excluded_lines": [], "start_line": 198, "executed_branches": [[213, 214], [213, 226], [217, 218], [217, 225], [218, 219], [218, 221]], "missing_branches": []}, "_score_threshold": {"executed_lines": [230], "summary": {"covered_lines": 1, "num_statements": 1, "percent_covered": 100.0, "percent_covered_display": "100", "missing_lines": 0, "excluded_lines": 0, "percent_statements_covered": 100.0, "percent_statements_covered_display": "100", "num_branches": 0, "num_partial_branches": 0, "covered_branches": 0, "missing_branches": 0, "percent_branches_covered": 100.0, "percent_branches_covered_display": "100"}, "missing_lines": [], "excluded_lines": [], "start_line": 229, "executed_branches": [], "missing_branches": []}, "_score_moving_avg": {"executed_lines": [234, 235, 236, 237, 238], "summary": {"covered_lines": 5, "num_statements": 5, "percent_covered": 100.0, "percent_covered_display": "100", "missing_lines": 0, "excluded_lines": 0, "percent_statements_covered": 100.0, "percent_statements_covered_display": "100", "num_branches": 2, "num_partial_branches": 0, "covered_branches": 2, "missing_branches": 0, "percent_branches_covered": 100.0, "percent_branches_covered_display": "100"}, "missing_lines": [], "excluded_lines": [], "start_line": 233, "executed_branches": [[235, 236], [235, 238]], "missing_branches": []}, "_score_ewma": {"executed_lines": [242, 243, 244, 245, 246], "summary": {"covered_lines": 5, "num_statements": 5, "percent_covered": 100.0, "percent_covered_display": "100", "missing_lines": 0, "excluded_lines": 0, "percent_statements_covered": 100.0, "percent_statements_covered_display": "100", "num_branches": 2, "num_partial_branches": 0, "covered_branches": 2, "missing_branches": 0, "percent_branches_covered": 100.0, "percent_branches_covered_display": "100"}, "missing_lines": [], "excluded_lines": [], "start_line": 241, "executed_branches": [[243, 244], [243, 246]], "missing_branches": []}, "_score_slope": {"executed_lines": [252, 253, 254, 255, 256, 257, 258, 259, 260, 261, 262, 263, 264, 265], "summary": {"covered_lines": 14, "num_statements": 14, "percent_covered": 100.0, "percent_covered_display": "100", "missing_lines": 0, "excluded_lines": 0, "percent_statements_covered": 100.0, "percent_statements_covered_display": "100", "num_branches": 4, "num_partial_branches": 0, "covered_branches": 4, "missing_branches": 0, "percent_branches_covered": 100.0, "percent_branches_covered_display": "100"}, "missing_lines": [], "excluded_lines": [], "start_line": 249, "executed_branches": [[253, 254], [253, 265], [258, 259], [258, 261]], "missing_branches": []}, "_score_cusum": {"executed_lines": [270, 271, 272, 273, 274, 275], "summary": {"covered_lines": 6, "num_statements": 6, "percent_covered": 100.0, "percent_covered_display": "100", "missing_lines": 0, "excluded_lines": 0, "percent_statements_covered": 100.0, "percent_statements_covered_display": "100", "num_branches": 2, "num_partial_branches": 0, "covered_branches": 2, "missing_branches": 0, "percent_branches_covered": 100.0, "percent_branches_covered_display": "100"}, "missing_lines": [], "excluded_lines": [], "start_line": 268, "executed_branches": [[272, 273], [272, 275]], "missing_branches": []}, "DetectorResult.as_dict": {"executed_lines": [317, 318, 319, 320], "summary": {"covered_lines": 4, "num_statements": 4, "percent_covered": 100.0, "percent_covered_display": "100", "missing_lines": 0, "excluded_lines": 0, "percent_statements_covered": 100.0, "percent_statements_covered_display": "100", "num_branches": 0, "num_partial_branches": 0, "covered_branches": 0, "missing_branches": 0, "percent_branches_covered": 100.0, "percent_branches_covered_display": "100"}, "missing_lines": [], "excluded_lines": [], "start_line": 316, "executed_branches": [], "missing_branches": []}, "calibrate_threshold": {"executed_lines": [326, 327, 328], "summary": {"covered_lines": 3, "num_statements": 3, "percent_covered": 100.0, "percent_covered_display": "100", "missing_lines": 0, "excluded_lines": 0, "percent_statements_covered": 100.0, "percent_statements_covered_display": "100", "num_branches": 0, "num_partial_branches": 0, "covered_branches": 0, "missing_branches": 0, "percent_branches_covered": 100.0, "percent_branches_covered_display": "100"}, "missing_lines": [], "excluded_lines": [], "start_line": 323, "executed_branches": [], "missing_branches": []}, "first_alert": {"executed_lines": [332], "summary": {"covered_lines": 1, "num_statements": 1, "percent_covered": 100.0, "percent_covered_display": "100", "missing_lines": 0, "excluded_lines": 0, "percent_statements_covered": 100.0, "percent_statements_covered_display": "100", "num_branches": 0, "num_partial_branches": 0, "covered_branches": 0, "missing_branches": 0, "percent_branches_covered": 100.0, "percent_branches_covered_display": "100"}, "missing_lines": [], "excluded_lines": [], "start_line": 331, "executed_branches": [], "missing_branches": []}, "evaluate_detector": {"executed_lines": [336, 337, 338, 339, 340, 341, 342, 343, 344, 345, 346, 347, 349, 350, 352, 353, 354, 355, 356, 357, 358, 360, 361, 362, 363, 364, 365, 366, 367, 374, 375, 376, 377, 378, 379, 389], "summary": {"covered_lines": 36, "num_statements": 36, "percent_covered": 100.0, "percent_covered_display": "100", "missing_lines": 0, "excluded_lines": 0, "percent_statements_covered": 100.0, "percent_statements_covered_display": "100", "num_branches": 10, "num_partial_branches": 0, "covered_branches": 10, "missing_branches": 0, "percent_branches_covered": 100.0, "percent_branches_covered_display": "100"}, "missing_lines": [], "excluded_lines": [], "start_line": 335, "executed_branches": [[341, 342], [341, 363], [344, 345], [344, 352], [345, 346], [345, 349], [352, 353], [352, 360], [365, 366], [365, 374]], "missing_branches": []}, "paired_median_gain": {"executed_lines": [407, 408, 410, 411], "summary": {"covered_lines": 4, "num_statements": 5, "percent_covered": 71.42857142857143, "percent_covered_display": "71", "missing_lines": 1, "excluded_lines": 0, "percent_statements_covered": 80.0, "percent_statements_covered_display": "80", "num_branches": 2, "num_partial_branches": 1, "covered_branches": 1, "missing_branches": 1, "percent_branches_covered": 50.0, "percent_branches_covered_display": "50"}, "missing_lines": [409], "excluded_lines": [], "start_line": 404, "executed_branches": [[408, 410]], "missing_branches": [[408, 409]]}, "paired_gain_distribution": {"executed_lines": [416, 417], "summary": {"covered_lines": 2, "num_statements": 2, "percent_covered": 100.0, "percent_covered_display": "100", "missing_lines": 0, "excluded_lines": 0, "percent_statements_covered": 100.0, "percent_statements_covered_display": "100", "num_branches": 0, "num_partial_branches": 0, "covered_branches": 0, "missing_branches": 0, "percent_branches_covered": 100.0, "percent_branches_covered_display": "100"}, "missing_lines": [], "excluded_lines": [], "start_line": 414, "executed_branches": [], "missing_branches": []}, "_quantile": {"executed_lines": [422, 424, 425, 426, 427, 428, 429, 430], "summary": {"covered_lines": 8, "num_statements": 9, "percent_covered": 84.61538461538461, "percent_covered_display": "85", "missing_lines": 1, "excluded_lines": 0, "percent_statements_covered": 88.88888888888889, "percent_statements_covered_display": "89", "num_branches": 4, "num_partial_branches": 1, "covered_branches": 3, "missing_branches": 1, "percent_branches_covered": 75.0, "percent_branches_covered_display": "75"}, "missing_lines": [423], "excluded_lines": [], "start_line": 420, "executed_branches": [[422, 424], [428, 429], [428, 430]], "missing_branches": [[422, 423]]}, "bootstrap_median_ci": {"executed_lines": [437, 438, 439, 440, 441, 442, 443, 444, 445, 448], "summary": {"covered_lines": 10, "num_statements": 10, "percent_covered": 100.0, "percent_covered_display": "100", "missing_lines": 0, "excluded_lines": 0, "percent_statements_covered": 100.0, "percent_statements_covered_display": "100", "num_branches": 6, "num_partial_branches": 0, "covered_branches": 6, "missing_branches": 0, "percent_branches_covered": 100.0, "percent_branches_covered_display": "100"}, "missing_lines": [], "excluded_lines": [], "start_line": 433, "executed_branches": [[437, 438], [437, 439], [439, 440], [439, 441], [441, 442], [441, 443]], "missing_branches": []}, "paired_gain_summary": {"executed_lines": [456, 457, 459, 460], "summary": {"covered_lines": 4, "num_statements": 5, "percent_covered": 71.42857142857143, "percent_covered_display": "71", "missing_lines": 1, "excluded_lines": 0, "percent_statements_covered": 80.0, "percent_statements_covered_display": "80", "num_branches": 2, "num_partial_branches": 1, "covered_branches": 1, "missing_branches": 1, "percent_branches_covered": 50.0, "percent_branches_covered_display": "50"}, "missing_lines": [458], "excluded_lines": [], "start_line": 454, "executed_branches": [[457, 459]], "missing_branches": [[457, 458]]}, "BenchmarkResult.as_dict": {"executed_lines": [484], "summary": {"covered_lines": 1, "num_statements": 1, "percent_covered": 100.0, "percent_covered_display": "100", "missing_lines": 0, "excluded_lines": 0, "percent_statements_covered": 100.0, "percent_statements_covered_display": "100", "num_branches": 0, "num_partial_branches": 0, "covered_branches": 0, "missing_branches": 0, "percent_branches_covered": 100.0, "percent_branches_covered_display": "100"}, "missing_lines": [], "excluded_lines": [], "start_line": 483, "executed_branches": [], "missing_branches": []}, "run_benchmark": {"executed_lines": [508, 509, 510, 511, 513, 514, 515, 516, 517, 519, 520, 521, 522, 524, 525, 526, 540], "summary": {"covered_lines": 17, "num_statements": 17, "percent_covered": 100.0, "percent_covered_display": "100", "missing_lines": 0, "excluded_lines": 0, "percent_statements_covered": 100.0, "percent_statements_covered_display": "100", "num_branches": 4, "num_partial_branches": 0, "covered_branches": 4, "missing_branches": 0, "percent_branches_covered": 100.0, "percent_branches_covered_display": "100"}, "missing_lines": [], "excluded_lines": [], "start_line": 493, "executed_branches": [[508, 509], [508, 510], [514, 515], [514, 519]], "missing_branches": []}, "benchmark_markdown": {"executed_lines": [], "summary": {"covered_lines": 0, "num_statements": 11, "percent_covered": 0.0, "percent_covered_display": "0", "missing_lines": 11, "excluded_lines": 0, "percent_statements_covered": 0.0, "percent_statements_covered_display": "0", "num_branches": 6, "num_partial_branches": 0, "covered_branches": 0, "missing_branches": 6, "percent_branches_covered": 0.0, "percent_branches_covered_display": "0"}, "missing_lines": [544, 558, 559, 564, 565, 592, 593, 594, 595, 598, 606], "excluded_lines": [], "start_line": 543, "executed_branches": [], "missing_branches": [[558, 559], [558, 564], [593, 594], [593, 598], [594, 593], [594, 595]]}, "": {"executed_lines": [40, 42, 43, 44, 45, 46, 48, 56, 57, 58, 61, 62, 65, 66, 67, 68, 69, 70, 73, 82, 91, 103, 121, 134, 151, 165, 174, 190, 191, 192, 193, 194, 195, 198, 229, 233, 241, 249, 268, 278, 294, 302, 303, 304, 305, 306, 307, 308, 309, 310, 311, 312, 313, 314, 316, 323, 331, 335, 404, 414, 420, 433, 454, 475, 476, 477, 478, 479, 480, 481, 483, 493, 543], "summary": {"covered_lines": 73, "num_statements": 73, "percent_covered": 100.0, "percent_covered_display": "100", "missing_lines": 0, "excluded_lines": 0, "percent_statements_covered": 100.0, "percent_statements_covered_display": "100", "num_branches": 0, "num_partial_branches": 0, "covered_branches": 0, "missing_branches": 0, "percent_branches_covered": 100.0, "percent_branches_covered_display": "100"}, "missing_lines": [], "excluded_lines": [], "start_line": 1, "executed_branches": [], "missing_branches": []}}, "classes": {"Trajectory": {"executed_lines": [], "summary": {"covered_lines": 0, "num_statements": 0, "percent_covered": 100.0, "percent_covered_display": "100", "missing_lines": 0, "excluded_lines": 0, "percent_statements_covered": 100.0, "percent_statements_covered_display": "100", "num_branches": 0, "num_partial_branches": 0, "covered_branches": 0, "missing_branches": 0, "percent_branches_covered": 100.0, "percent_branches_covered_display": "100"}, "missing_lines": [], "excluded_lines": [], "start_line": 62, "executed_branches": [], "missing_branches": []}, "DetectorResult": {"executed_lines": [317, 318, 319, 320], "summary": {"covered_lines": 4, "num_statements": 4, "percent_covered": 100.0, "percent_covered_display": "100", "missing_lines": 0, "excluded_lines": 0, "percent_statements_covered": 100.0, "percent_statements_covered_display": "100", "num_branches": 0, "num_partial_branches": 0, "covered_branches": 0, "missing_branches": 0, "percent_branches_covered": 100.0, "percent_branches_covered_display": "100"}, "missing_lines": [], "excluded_lines": [], "start_line": 303, "executed_branches": [], "missing_branches": []}, "BenchmarkResult": {"executed_lines": [484], "summary": {"covered_lines": 1, "num_statements": 1, "percent_covered": 100.0, "percent_covered_display": "100", "missing_lines": 0, "excluded_lines": 0, "percent_statements_covered": 100.0, "percent_statements_covered_display": "100", "num_branches": 0, "num_partial_branches": 0, "covered_branches": 0, "missing_branches": 0, "percent_branches_covered": 100.0, "percent_branches_covered_display": "100"}, "missing_lines": [], "excluded_lines": [], "start_line": 476, "executed_branches": [], "missing_branches": []}, "": {"executed_lines": [40, 42, 43, 44, 45, 46, 48, 56, 57, 58, 61, 62, 65, 66, 67, 68, 69, 70, 73, 76, 77, 78, 79, 82, 83, 84, 85, 86, 87, 88, 91, 93, 94, 95, 96, 97, 98, 99, 100, 103, 105, 106, 107, 108, 109, 110, 111, 112, 113, 114, 115, 116, 117, 118, 121, 123, 124, 125, 126, 127, 128, 129, 130, 131, 134, 137, 138, 139, 140, 141, 142, 143, 144, 145, 146, 147, 148, 151, 153, 154, 157, 158, 159, 160, 161, 162, 165, 174, 177, 178, 179, 180, 181, 190, 191, 192, 193, 194, 195, 198, 212, 213, 214, 215, 216, 217, 218, 219, 221, 222, 223, 225, 226, 229, 230, 233, 234, 235, 236, 237, 238, 241, 242, 243, 244, 245, 246, 249, 252, 253, 254, 255, 256, 257, 258, 259, 260, 261, 262, 263, 264, 265, 268, 270, 271, 272, 273, 274, 275, 278, 294, 302, 303, 304, 305, 306, 307, 308, 309, 310, 311, 312, 313, 314, 316, 323, 326, 327, 328, 331, 332, 335, 336, 337, 338, 339, 340, 341, 342, 343, 344, 345, 346, 347, 349, 350, 352, 353, 354, 355, 356, 357, 358, 360, 361, 362, 363, 364, 365, 366, 367, 374, 375, 376, 377, 378, 379, 389, 404, 407, 408, 410, 411, 414, 416, 417, 420, 422, 424, 425, 426, 427, 428, 429, 430, 433, 437, 438, 439, 440, 441, 442, 443, 444, 445, 448, 454, 456, 457, 459, 460, 475, 476, 477, 478, 479, 480, 481, 483, 493, 508, 509, 510, 511, 513, 514, 515, 516, 517, 519, 520, 521, 522, 524, 525, 526, 540, 543], "summary": {"covered_lines": 268, "num_statements": 282, "percent_covered": 93.23529411764706, "percent_covered_display": "93", "missing_lines": 14, "excluded_lines": 0, "percent_statements_covered": 95.0354609929078, "percent_statements_covered_display": "95", "num_branches": 58, "num_partial_branches": 3, "covered_branches": 49, "missing_branches": 9, "percent_branches_covered": 84.48275862068965, "percent_branches_covered_display": "84"}, "missing_lines": [409, 423, 458, 544, 558, 559, 564, 565, 592, 593, 594, 595, 598, 606], "excluded_lines": [], "start_line": 1, "executed_branches": [[77, 78], [77, 79], [84, 85], [84, 88], [86, 84], [86, 87], [110, 111], [110, 114], [213, 214], [213, 226], [217, 218], [217, 225], [218, 219], [218, 221], [235, 236], [235, 238], [243, 244], [243, 246], [253, 254], [253, 265], [258, 259], [258, 261], [272, 273], [272, 275], [341, 342], [341, 363], [344, 345], [344, 352], [345, 346], [345, 349], [352, 353], [352, 360], [365, 366], [365, 374], [408, 410], [422, 424], [428, 429], [428, 430], [437, 438], [437, 439], [439, 440], [439, 441], [441, 442], [441, 443], [457, 459], [508, 509], [508, 510], [514, 515], [514, 519]], "missing_branches": [[408, 409], [422, 423], [457, 458], [558, 559], [558, 564], [593, 594], [593, 598], [594, 593], [594, 595]]}}}, "src\\mcs\\core.py": {"executed_lines": [15, 17, 18, 19, 22, 24, 32, 34, 36, 39, 48, 49, 50, 51, 52, 54, 57, 64, 65, 66, 67, 68, 71, 77, 78, 79, 81, 84, 86, 94, 96, 97, 98, 99, 100, 103, 105, 107, 110, 113, 115, 118, 125, 126, 127, 135, 136, 137, 138, 139, 140, 145, 148, 150, 152, 153, 154, 155, 156, 157, 158, 159, 160, 161, 164, 165, 171, 172, 173, 174, 175, 177, 178, 180, 182, 184, 185, 186, 187, 188, 189, 190, 191, 192, 193, 194, 195, 197, 198, 201, 218, 220], "summary": {"covered_lines": 92, "num_statements": 99, "percent_covered": 90.34482758620689, "percent_covered_display": "90", "missing_lines": 7, "excluded_lines": 0, "percent_statements_covered": 92.92929292929293, "percent_statements_covered_display": "93", "num_branches": 46, "num_partial_branches": 7, "covered_branches": 39, "missing_branches": 7, "percent_branches_covered": 84.78260869565217, "percent_branches_covered_display": "85"}, "missing_lines": [35, 53, 80, 106, 114, 181, 219], "excluded_lines": [], "executed_branches": [[34, 36], [48, 49], [48, 50], [50, 51], [50, 52], [52, 54], [64, 65], [64, 66], [66, 67], [66, 68], [77, 78], [77, 79], [79, 81], [96, 97], [96, 98], [98, 99], [98, 100], [105, 107], [113, 115], [125, 126], [125, 127], [153, 154], [153, 155], [155, 156], [155, 157], [157, 158], [157, 159], [159, 160], [159, 161], [180, 182], [186, 187], [186, 189], [189, 190], [189, 191], [191, 192], [191, 197], [193, 194], [193, 198], [218, 220]], "missing_branches": [[34, 35], [52, 53], [79, 80], [105, 106], [113, 114], [180, 181], [218, 219]], "functions": {"clip": {"executed_lines": [24], "summary": {"covered_lines": 1, "num_statements": 1, "percent_covered": 100.0, "percent_covered_display": "100", "missing_lines": 0, "excluded_lines": 0, "percent_statements_covered": 100.0, "percent_statements_covered_display": "100", "num_branches": 0, "num_partial_branches": 0, "covered_branches": 0, "missing_branches": 0, "percent_branches_covered": 100.0, "percent_branches_covered_display": "100"}, "missing_lines": [], "excluded_lines": [], "start_line": 22, "executed_branches": [], "missing_branches": []}, "total_load": {"executed_lines": [34, 36], "summary": {"covered_lines": 2, "num_statements": 3, "percent_covered": 60.0, "percent_covered_display": "60", "missing_lines": 1, "excluded_lines": 0, "percent_statements_covered": 66.66666666666667, "percent_statements_covered_display": "67", "num_branches": 2, "num_partial_branches": 1, "covered_branches": 1, "missing_branches": 1, "percent_branches_covered": 50.0, "percent_branches_covered_display": "50"}, "missing_lines": [35], "excluded_lines": [], "start_line": 32, "executed_branches": [[34, 36]], "missing_branches": [[34, 35]]}, "capacity": {"executed_lines": [48, 49, 50, 51, 52, 54], "summary": {"covered_lines": 6, "num_statements": 7, "percent_covered": 84.61538461538461, "percent_covered_display": "85", "missing_lines": 1, "excluded_lines": 0, "percent_statements_covered": 85.71428571428571, "percent_statements_covered_display": "86", "num_branches": 6, "num_partial_branches": 1, "covered_branches": 5, "missing_branches": 1, "percent_branches_covered": 83.33333333333333, "percent_branches_covered_display": "83"}, "missing_lines": [53], "excluded_lines": [], "start_line": 39, "executed_branches": [[48, 49], [48, 50], [50, 51], [50, 52], [52, 54]], "missing_branches": [[52, 53]]}, "margin_index": {"executed_lines": [64, 65, 66, 67, 68], "summary": {"covered_lines": 5, "num_statements": 5, "percent_covered": 100.0, "percent_covered_display": "100", "missing_lines": 0, "excluded_lines": 0, "percent_statements_covered": 100.0, "percent_statements_covered_display": "100", "num_branches": 4, "num_partial_branches": 0, "covered_branches": 4, "missing_branches": 0, "percent_branches_covered": 100.0, "percent_branches_covered_display": "100"}, "missing_lines": [], "excluded_lines": [], "start_line": 57, "executed_branches": [[64, 65], [64, 66], [66, 67], [66, 68]], "missing_branches": []}, "bounded_margin_index": {"executed_lines": [77, 78, 79, 81], "summary": {"covered_lines": 4, "num_statements": 5, "percent_covered": 77.77777777777777, "percent_covered_display": "78", "missing_lines": 1, "excluded_lines": 0, "percent_statements_covered": 80.0, "percent_statements_covered_display": "80", "num_branches": 4, "num_partial_branches": 1, "covered_branches": 3, "missing_branches": 1, "percent_branches_covered": 75.0, "percent_branches_covered_display": "75"}, "missing_lines": [80], "excluded_lines": [], "start_line": 71, "executed_branches": [[77, 78], [77, 79], [79, 81]], "missing_branches": [[79, 80]]}, "margin": {"executed_lines": [86], "summary": {"covered_lines": 1, "num_statements": 1, "percent_covered": 100.0, "percent_covered_display": "100", "missing_lines": 0, "excluded_lines": 0, "percent_statements_covered": 100.0, "percent_statements_covered_display": "100", "num_branches": 0, "num_partial_branches": 0, "covered_branches": 0, "missing_branches": 0, "percent_branches_covered": 100.0, "percent_branches_covered_display": "100"}, "missing_lines": [], "excluded_lines": [], "start_line": 84, "executed_branches": [], "missing_branches": []}, "leak": {"executed_lines": [96, 97, 98, 99, 100], "summary": {"covered_lines": 5, "num_statements": 5, "percent_covered": 100.0, "percent_covered_display": "100", "missing_lines": 0, "excluded_lines": 0, "percent_statements_covered": 100.0, "percent_statements_covered_display": "100", "num_branches": 4, "num_partial_branches": 0, "covered_branches": 4, "missing_branches": 0, "percent_branches_covered": 100.0, "percent_branches_covered_display": "100"}, "missing_lines": [], "excluded_lines": [], "start_line": 94, "executed_branches": [[96, 97], [96, 98], [98, 99], [98, 100]], "missing_branches": []}, "overflow": {"executed_lines": [105, 107], "summary": {"covered_lines": 2, "num_statements": 3, "percent_covered": 60.0, "percent_covered_display": "60", "missing_lines": 1, "excluded_lines": 0, "percent_statements_covered": 66.66666666666667, "percent_statements_covered_display": "67", "num_branches": 2, "num_partial_branches": 1, "covered_branches": 1, "missing_branches": 1, "percent_branches_covered": 50.0, "percent_branches_covered_display": "50"}, "missing_lines": [106], "excluded_lines": [], "start_line": 103, "executed_branches": [[105, 107]], "missing_branches": [[105, 106]]}, "debt_update": {"executed_lines": [113, 115], "summary": {"covered_lines": 2, "num_statements": 3, "percent_covered": 60.0, "percent_covered_display": "60", "missing_lines": 1, "excluded_lines": 0, "percent_statements_covered": 66.66666666666667, "percent_statements_covered_display": "67", "num_branches": 2, "num_partial_branches": 1, "covered_branches": 1, "missing_branches": 1, "percent_branches_covered": 50.0, "percent_branches_covered_display": "50"}, "missing_lines": [114], "excluded_lines": [], "start_line": 110, "executed_branches": [[113, 115]], "missing_branches": [[113, 114]]}, "debt_rest_level": {"executed_lines": [125, 126, 127], "summary": {"covered_lines": 3, "num_statements": 3, "percent_covered": 100.0, "percent_covered_display": "100", "missing_lines": 0, "excluded_lines": 0, "percent_statements_covered": 100.0, "percent_statements_covered_display": "100", "num_branches": 2, "num_partial_branches": 0, "covered_branches": 2, "missing_branches": 0, "percent_branches_covered": 100.0, "percent_branches_covered_display": "100"}, "missing_lines": [], "excluded_lines": [], "start_line": 118, "executed_branches": [[125, 126], [125, 127]], "missing_branches": []}, "classify": {"executed_lines": [150, 152, 153, 154, 155, 156, 157, 158, 159, 160, 161], "summary": {"covered_lines": 11, "num_statements": 11, "percent_covered": 100.0, "percent_covered_display": "100", "missing_lines": 0, "excluded_lines": 0, "percent_statements_covered": 100.0, "percent_statements_covered_display": "100", "num_branches": 8, "num_partial_branches": 0, "covered_branches": 8, "missing_branches": 0, "percent_branches_covered": 100.0, "percent_branches_covered_display": "100"}, "missing_lines": [], "excluded_lines": [], "start_line": 148, "executed_branches": [[153, 154], [153, 155], [155, 156], [155, 157], [157, 158], [157, 159], [159, 160], [159, 161]], "missing_branches": []}, "HysteresisClassifier.__post_init__": {"executed_lines": [178, 180, 182], "summary": {"covered_lines": 3, "num_statements": 4, "percent_covered": 66.66666666666667, "percent_covered_display": "67", "missing_lines": 1, "excluded_lines": 0, "percent_statements_covered": 75.0, "percent_statements_covered_display": "75", "num_branches": 2, "num_partial_branches": 1, "covered_branches": 1, "missing_branches": 1, "percent_branches_covered": 50.0, "percent_branches_covered_display": "50"}, "missing_lines": [181], "excluded_lines": [], "start_line": 177, "executed_branches": [[180, 182]], "missing_branches": [[180, 181]]}, "HysteresisClassifier.update": {"executed_lines": [185, 186, 187, 188, 189, 190, 191, 192, 193, 194, 195, 197, 198], "summary": {"covered_lines": 13, "num_statements": 13, "percent_covered": 100.0, "percent_covered_display": "100", "missing_lines": 0, "excluded_lines": 0, "percent_statements_covered": 100.0, "percent_statements_covered_display": "100", "num_branches": 8, "num_partial_branches": 0, "covered_branches": 8, "missing_branches": 0, "percent_branches_covered": 100.0, "percent_branches_covered_display": "100"}, "missing_lines": [], "excluded_lines": [], "start_line": 184, "executed_branches": [[186, 187], [186, 189], [189, 190], [189, 191], [191, 192], [191, 197], [193, 194], [193, 198]], "missing_branches": []}, "margin_uncertainty": {"executed_lines": [218, 220], "summary": {"covered_lines": 2, "num_statements": 3, "percent_covered": 60.0, "percent_covered_display": "60", "missing_lines": 1, "excluded_lines": 0, "percent_statements_covered": 66.66666666666667, "percent_statements_covered_display": "67", "num_branches": 2, "num_partial_branches": 1, "covered_branches": 1, "missing_branches": 1, "percent_branches_covered": 50.0, "percent_branches_covered_display": "50"}, "missing_lines": [219], "excluded_lines": [], "start_line": 201, "executed_branches": [[218, 220]], "missing_branches": [[218, 219]]}, "": {"executed_lines": [15, 17, 18, 19, 22, 32, 39, 57, 71, 84, 94, 103, 110, 118, 135, 136, 137, 138, 139, 140, 145, 148, 164, 165, 171, 172, 173, 174, 175, 177, 184, 201], "summary": {"covered_lines": 32, "num_statements": 32, "percent_covered": 100.0, "percent_covered_display": "100", "missing_lines": 0, "excluded_lines": 0, "percent_statements_covered": 100.0, "percent_statements_covered_display": "100", "num_branches": 0, "num_partial_branches": 0, "covered_branches": 0, "missing_branches": 0, "percent_branches_covered": 100.0, "percent_branches_covered_display": "100"}, "missing_lines": [], "excluded_lines": [], "start_line": 1, "executed_branches": [], "missing_branches": []}}, "classes": {"Zone": {"executed_lines": [], "summary": {"covered_lines": 0, "num_statements": 0, "percent_covered": 100.0, "percent_covered_display": "100", "missing_lines": 0, "excluded_lines": 0, "percent_statements_covered": 100.0, "percent_statements_covered_display": "100", "num_branches": 0, "num_partial_branches": 0, "covered_branches": 0, "missing_branches": 0, "percent_branches_covered": 100.0, "percent_branches_covered_display": "100"}, "missing_lines": [], "excluded_lines": [], "start_line": 135, "executed_branches": [], "missing_branches": []}, "HysteresisClassifier": {"executed_lines": [178, 180, 182, 185, 186, 187, 188, 189, 190, 191, 192, 193, 194, 195, 197, 198], "summary": {"covered_lines": 16, "num_statements": 17, "percent_covered": 92.5925925925926, "percent_covered_display": "93", "missing_lines": 1, "excluded_lines": 0, "percent_statements_covered": 94.11764705882354, "percent_statements_covered_display": "94", "num_branches": 10, "num_partial_branches": 1, "covered_branches": 9, "missing_branches": 1, "percent_branches_covered": 90.0, "percent_branches_covered_display": "90"}, "missing_lines": [181], "excluded_lines": [], "start_line": 165, "executed_branches": [[180, 182], [186, 187], [186, 189], [189, 190], [189, 191], [191, 192], [191, 197], [193, 194], [193, 198]], "missing_branches": [[180, 181]]}, "": {"executed_lines": [15, 17, 18, 19, 22, 24, 32, 34, 36, 39, 48, 49, 50, 51, 52, 54, 57, 64, 65, 66, 67, 68, 71, 77, 78, 79, 81, 84, 86, 94, 96, 97, 98, 99, 100, 103, 105, 107, 110, 113, 115, 118, 125, 126, 127, 135, 136, 137, 138, 139, 140, 145, 148, 150, 152, 153, 154, 155, 156, 157, 158, 159, 160, 161, 164, 165, 171, 172, 173, 174, 175, 177, 184, 201, 218, 220], "summary": {"covered_lines": 76, "num_statements": 82, "percent_covered": 89.83050847457628, "percent_covered_display": "90", "missing_lines": 6, "excluded_lines": 0, "percent_statements_covered": 92.6829268292683, "percent_statements_covered_display": "93", "num_branches": 36, "num_partial_branches": 6, "covered_branches": 30, "missing_branches": 6, "percent_branches_covered": 83.33333333333333, "percent_branches_covered_display": "83"}, "missing_lines": [35, 53, 80, 106, 114, 219], "excluded_lines": [], "start_line": 1, "executed_branches": [[34, 36], [48, 49], [48, 50], [50, 51], [50, 52], [52, 54], [64, 65], [64, 66], [66, 67], [66, 68], [77, 78], [77, 79], [79, 81], [96, 97], [96, 98], [98, 99], [98, 100], [105, 107], [113, 115], [125, 126], [125, 127], [153, 154], [153, 155], [155, 156], [155, 157], [157, 158], [157, 159], [159, 160], [159, 161], [218, 220]], "missing_branches": [[34, 35], [52, 53], [79, 80], [105, 106], [113, 114], [218, 219]]}}}, "src\\mcs\\empirical.py": {"executed_lines": [6, 8, 9, 10, 11, 13, 16, 17, 18, 19, 20, 21, 22, 25, 26, 27, 28, 29, 30, 31, 32, 33, 34, 36, 40, 48, 49, 51, 52, 53, 54, 55, 57, 58, 59, 63, 71, 72, 77, 78, 79, 80, 81, 82, 83, 84, 85, 88, 91, 101], "summary": {"covered_lines": 50, "num_statements": 61, "percent_covered": 77.92207792207792, "percent_covered_display": "78", "missing_lines": 11, "excluded_lines": 0, "percent_statements_covered": 81.9672131147541, "percent_statements_covered_display": "82", "num_branches": 16, "num_partial_branches": 4, "covered_branches": 10, "missing_branches": 6, "percent_branches_covered": 62.5, "percent_branches_covered_display": "62"}, "missing_lines": [37, 41, 42, 43, 44, 45, 50, 56, 60, 86, 87], "excluded_lines": [], "executed_branches": [[49, 51], [52, 53], [52, 54], [54, -48], [54, 55], [55, 57], [57, 58], [57, 59], [59, 54], [85, 88]], "missing_branches": [[43, 44], [43, 45], [49, 50], [55, 56], [59, 60], [85, 86]], "functions": {"EmpiricalMetrics.as_dict": {"executed_lines": [], "summary": {"covered_lines": 0, "num_statements": 1, "percent_covered": 0.0, "percent_covered_display": "0", "missing_lines": 1, "excluded_lines": 0, "percent_statements_covered": 0.0, "percent_statements_covered_display": "0", "num_branches": 0, "num_partial_branches": 0, "covered_branches": 0, "missing_branches": 0, "percent_branches_covered": 100.0, "percent_branches_covered_display": "100"}, "missing_lines": [37], "excluded_lines": [], "start_line": 36, "executed_branches": [], "missing_branches": []}, "file_sha256": {"executed_lines": [], "summary": {"covered_lines": 0, "num_statements": 5, "percent_covered": 0.0, "percent_covered_display": "0", "missing_lines": 5, "excluded_lines": 0, "percent_statements_covered": 0.0, "percent_statements_covered_display": "0", "num_branches": 2, "num_partial_branches": 0, "covered_branches": 0, "missing_branches": 2, "percent_branches_covered": 0.0, "percent_branches_covered_display": "0"}, "missing_lines": [41, 42, 43, 44, 45], "excluded_lines": [], "start_line": 40, "executed_branches": [], "missing_branches": [[43, 44], [43, 45]]}, "validate_records": {"executed_lines": [49, 51, 52, 53, 54, 55, 57, 58, 59], "summary": {"covered_lines": 9, "num_statements": 12, "percent_covered": 75.0, "percent_covered_display": "75", "missing_lines": 3, "excluded_lines": 0, "percent_statements_covered": 75.0, "percent_statements_covered_display": "75", "num_branches": 12, "num_partial_branches": 3, "covered_branches": 9, "missing_branches": 3, "percent_branches_covered": 75.0, "percent_branches_covered_display": "75"}, "missing_lines": [50, 56, 60], "excluded_lines": [], "start_line": 48, "executed_branches": [[49, 51], [52, 53], [52, 54], [54, -48], [54, 55], [55, 57], [57, 58], [57, 59], [59, 54]], "missing_branches": [[49, 50], [55, 56], [59, 60]]}, "evaluate_records": {"executed_lines": [71, 72, 77, 78, 79, 80, 81, 82, 83, 84, 85, 88, 91, 101], "summary": {"covered_lines": 14, "num_statements": 16, "percent_covered": 83.33333333333333, "percent_covered_display": "83", "missing_lines": 2, "excluded_lines": 0, "percent_statements_covered": 87.5, "percent_statements_covered_display": "88", "num_branches": 2, "num_partial_branches": 1, "covered_branches": 1, "missing_branches": 1, "percent_branches_covered": 50.0, "percent_branches_covered_display": "50"}, "missing_lines": [86, 87], "excluded_lines": [], "start_line": 63, "executed_branches": [[85, 88]], "missing_branches": [[85, 86]]}, "": {"executed_lines": [6, 8, 9, 10, 11, 13, 16, 17, 18, 19, 20, 21, 22, 25, 26, 27, 28, 29, 30, 31, 32, 33, 34, 36, 40, 48, 63], "summary": {"covered_lines": 27, "num_statements": 27, "percent_covered": 100.0, "percent_covered_display": "100", "missing_lines": 0, "excluded_lines": 0, "percent_statements_covered": 100.0, "percent_statements_covered_display": "100", "num_branches": 0, "num_partial_branches": 0, "covered_branches": 0, "missing_branches": 0, "percent_branches_covered": 100.0, "percent_branches_covered_display": "100"}, "missing_lines": [], "excluded_lines": [], "start_line": 1, "executed_branches": [], "missing_branches": []}}, "classes": {"EmpiricalRecord": {"executed_lines": [], "summary": {"covered_lines": 0, "num_statements": 0, "percent_covered": 100.0, "percent_covered_display": "100", "missing_lines": 0, "excluded_lines": 0, "percent_statements_covered": 100.0, "percent_statements_covered_display": "100", "num_branches": 0, "num_partial_branches": 0, "covered_branches": 0, "missing_branches": 0, "percent_branches_covered": 100.0, "percent_branches_covered_display": "100"}, "missing_lines": [], "excluded_lines": [], "start_line": 17, "executed_branches": [], "missing_branches": []}, "EmpiricalMetrics": {"executed_lines": [], "summary": {"covered_lines": 0, "num_statements": 1, "percent_covered": 0.0, "percent_covered_display": "0", "missing_lines": 1, "excluded_lines": 0, "percent_statements_covered": 0.0, "percent_statements_covered_display": "0", "num_branches": 0, "num_partial_branches": 0, "covered_branches": 0, "missing_branches": 0, "percent_branches_covered": 100.0, "percent_branches_covered_display": "100"}, "missing_lines": [37], "excluded_lines": [], "start_line": 26, "executed_branches": [], "missing_branches": []}, "": {"executed_lines": [6, 8, 9, 10, 11, 13, 16, 17, 18, 19, 20, 21, 22, 25, 26, 27, 28, 29, 30, 31, 32, 33, 34, 36, 40, 48, 49, 51, 52, 53, 54, 55, 57, 58, 59, 63, 71, 72, 77, 78, 79, 80, 81, 82, 83, 84, 85, 88, 91, 101], "summary": {"covered_lines": 50, "num_statements": 60, "percent_covered": 78.94736842105263, "percent_covered_display": "79", "missing_lines": 10, "excluded_lines": 0, "percent_statements_covered": 83.33333333333333, "percent_statements_covered_display": "83", "num_branches": 16, "num_partial_branches": 4, "covered_branches": 10, "missing_branches": 6, "percent_branches_covered": 62.5, "percent_branches_covered_display": "62"}, "missing_lines": [41, 42, 43, 44, 45, 50, 56, 60, 86, 87], "excluded_lines": [], "start_line": 1, "executed_branches": [[49, 51], [52, 53], [52, 54], [54, -48], [54, 55], [55, 57], [57, 58], [57, 59], [59, 54], [85, 88]], "missing_branches": [[43, 44], [43, 45], [49, 50], [55, 56], [59, 60], [85, 86]]}}}, "src\\mcs\\empirical_evidence.py": {"executed_lines": [7, 9, 10, 11, 12, 13, 14, 16, 18, 21, 22, 23, 24, 25, 27, 28, 32, 33, 34, 35, 36, 37, 38, 39, 40, 41, 42, 43, 44, 45, 46, 47, 49, 53, 54, 55, 56, 57, 58, 59, 60, 61, 62, 63, 64, 65, 67, 71, 72, 73, 74, 75, 76, 77, 78, 79, 80, 81, 82, 83, 84, 86, 94, 102, 104, 105, 107, 108, 109, 111, 112, 113, 114, 115, 118, 119, 121, 122, 123, 124, 125, 126, 127, 128, 131, 132, 134, 135, 136, 137, 138, 141, 142, 143, 146, 149, 151, 152, 153, 163, 171, 172, 174, 175, 176, 178, 181, 182, 184, 185, 186, 187, 188, 189, 190, 191, 192, 193, 194, 195, 198, 210, 211, 212, 213, 214, 215, 216, 221, 222, 223, 224, 225, 226, 227, 228, 229, 230, 231, 232, 233, 251, 262, 263, 264, 265, 266, 267, 268, 269, 273, 288, 328], "summary": {"covered_lines": 153, "num_statements": 223, "percent_covered": 63.066202090592334, "percent_covered_display": "63", "missing_lines": 70, "excluded_lines": 0, "percent_statements_covered": 68.60986547085201, "percent_statements_covered_display": "69", "num_branches": 64, "num_partial_branches": 10, "covered_branches": 28, "missing_branches": 36, "percent_branches_covered": 43.75, "percent_branches_covered_display": "44"}, "missing_lines": [29, 50, 68, 87, 95, 96, 97, 98, 99, 106, 110, 120, 133, 164, 165, 166, 167, 168, 173, 177, 183, 252, 253, 254, 255, 256, 257, 258, 259, 271, 272, 298, 299, 300, 301, 302, 303, 304, 305, 306, 307, 308, 309, 310, 311, 312, 313, 314, 315, 316, 317, 318, 319, 344, 345, 346, 347, 348, 349, 350, 351, 352, 353, 354, 355, 356, 366, 367, 371, 378], "excluded_lines": [], "executed_branches": [[28, -27], [105, 107], [109, 111], [112, 113], [112, 114], [119, 121], [123, 124], [123, 128], [125, 126], [125, 127], [132, 134], [136, 137], [136, 138], [172, 174], [176, 178], [182, 184], [188, 189], [188, 195], [190, 188], [190, 191], [192, 193], [215, 216], [215, 225], [221, 215], [221, 222], [264, 265], [264, 266], [267, 268]], "missing_branches": [[28, 29], [97, 98], [97, 99], [105, 106], [109, 110], [119, 120], [132, 133], [165, 166], [165, 168], [172, 173], [176, 177], [182, 183], [192, 188], [252, 253], [252, 254], [256, 257], [256, 259], [267, 271], [299, 300], [299, 301], [305, 306], [305, 316], [308, 309], [308, 313], [311, 308], [311, 312], [313, 305], [313, 314], [316, 317], [316, 318], [344, 345], [344, 346], [346, 347], [346, 348], [354, 355], [354, 366]], "functions": {"EventWindow.__post_init__": {"executed_lines": [28], "summary": {"covered_lines": 1, "num_statements": 2, "percent_covered": 50.0, "percent_covered_display": "50", "missing_lines": 1, "excluded_lines": 0, "percent_statements_covered": 50.0, "percent_statements_covered_display": "50", "num_branches": 2, "num_partial_branches": 1, "covered_branches": 1, "missing_branches": 1, "percent_branches_covered": 50.0, "percent_branches_covered_display": "50"}, "missing_lines": [29], "excluded_lines": [], "start_line": 27, "executed_branches": [[28, -27]], "missing_branches": [[28, 29]]}, "DetectorResult.as_dict": {"executed_lines": [], "summary": {"covered_lines": 0, "num_statements": 1, "percent_covered": 0.0, "percent_covered_display": "0", "missing_lines": 1, "excluded_lines": 0, "percent_statements_covered": 0.0, "percent_statements_covered_display": "0", "num_branches": 0, "num_partial_branches": 0, "covered_branches": 0, "missing_branches": 0, "percent_branches_covered": 100.0, "percent_branches_covered_display": "100"}, "missing_lines": [50], "excluded_lines": [], "start_line": 49, "executed_branches": [], "missing_branches": []}, "PairedComparison.as_dict": {"executed_lines": [], "summary": {"covered_lines": 0, "num_statements": 1, "percent_covered": 0.0, "percent_covered_display": "0", "missing_lines": 1, "excluded_lines": 0, "percent_statements_covered": 0.0, "percent_statements_covered_display": "0", "num_branches": 0, "num_partial_branches": 0, "covered_branches": 0, "missing_branches": 0, "percent_branches_covered": 100.0, "percent_branches_covered_display": "100"}, "missing_lines": [68], "excluded_lines": [], "start_line": 67, "executed_branches": [], "missing_branches": []}, "EvidenceReport.as_dict": {"executed_lines": [], "summary": {"covered_lines": 0, "num_statements": 1, "percent_covered": 0.0, "percent_covered_display": "0", "missing_lines": 1, "excluded_lines": 0, "percent_statements_covered": 0.0, "percent_statements_covered_display": "0", "num_branches": 0, "num_partial_branches": 0, "covered_branches": 0, "missing_branches": 0, "percent_branches_covered": 100.0, "percent_branches_covered_display": "100"}, "missing_lines": [87], "excluded_lines": [], "start_line": 86, "executed_branches": [], "missing_branches": []}, "file_sha256": {"executed_lines": [], "summary": {"covered_lines": 0, "num_statements": 5, "percent_covered": 0.0, "percent_covered_display": "0", "missing_lines": 5, "excluded_lines": 0, "percent_statements_covered": 0.0, "percent_statements_covered_display": "0", "num_branches": 2, "num_partial_branches": 0, "covered_branches": 0, "missing_branches": 2, "percent_branches_covered": 0.0, "percent_branches_covered_display": "0"}, "missing_lines": [95, 96, 97, 98, 99], "excluded_lines": [], "start_line": 94, "executed_branches": [], "missing_branches": [[97, 98], [97, 99]]}, "robust_unit": {"executed_lines": [104, 105, 107, 108, 109, 111, 112, 113, 114, 115], "summary": {"covered_lines": 10, "num_statements": 12, "percent_covered": 77.77777777777777, "percent_covered_display": "78", "missing_lines": 2, "excluded_lines": 0, "percent_statements_covered": 83.33333333333333, "percent_statements_covered_display": "83", "num_branches": 6, "num_partial_branches": 2, "covered_branches": 4, "missing_branches": 2, "percent_branches_covered": 66.66666666666667, "percent_branches_covered_display": "67"}, "missing_lines": [106, 110], "excluded_lines": [], "start_line": 102, "executed_branches": [[105, 107], [109, 111], [112, 113], [112, 114]], "missing_branches": [[105, 106], [109, 110]]}, "rolling_mean": {"executed_lines": [119, 121, 122, 123, 124, 125, 126, 127, 128], "summary": {"covered_lines": 9, "num_statements": 10, "percent_covered": 87.5, "percent_covered_display": "88", "missing_lines": 1, "excluded_lines": 0, "percent_statements_covered": 90.0, "percent_statements_covered_display": "90", "num_branches": 6, "num_partial_branches": 1, "covered_branches": 5, "missing_branches": 1, "percent_branches_covered": 83.33333333333333, "percent_branches_covered_display": "83"}, "missing_lines": [120], "excluded_lines": [], "start_line": 118, "executed_branches": [[119, 121], [123, 124], [123, 128], [125, 126], [125, 127]], "missing_branches": [[119, 120]]}, "ewma": {"executed_lines": [132, 134, 135, 136, 137, 138], "summary": {"covered_lines": 6, "num_statements": 7, "percent_covered": 81.81818181818181, "percent_covered_display": "82", "missing_lines": 1, "excluded_lines": 0, "percent_statements_covered": 85.71428571428571, "percent_statements_covered_display": "86", "num_branches": 4, "num_partial_branches": 1, "covered_branches": 3, "missing_branches": 1, "percent_branches_covered": 75.0, "percent_branches_covered_display": "75"}, "missing_lines": [133], "excluded_lines": [], "start_line": 131, "executed_branches": [[132, 134], [136, 137], [136, 138]], "missing_branches": [[132, 133]]}, "mcs_score": {"executed_lines": [142, 143, 146], "summary": {"covered_lines": 3, "num_statements": 3, "percent_covered": 100.0, "percent_covered_display": "100", "missing_lines": 0, "excluded_lines": 0, "percent_statements_covered": 100.0, "percent_statements_covered_display": "100", "num_branches": 0, "num_partial_branches": 0, "covered_branches": 0, "missing_branches": 0, "percent_branches_covered": 100.0, "percent_branches_covered_display": "100"}, "missing_lines": [], "excluded_lines": [], "start_line": 141, "executed_branches": [], "missing_branches": []}, "detector_scores": {"executed_lines": [151, 152, 153], "summary": {"covered_lines": 3, "num_statements": 3, "percent_covered": 100.0, "percent_covered_display": "100", "missing_lines": 0, "excluded_lines": 0, "percent_statements_covered": 100.0, "percent_statements_covered_display": "100", "num_branches": 0, "num_partial_branches": 0, "covered_branches": 0, "missing_branches": 0, "percent_branches_covered": 100.0, "percent_branches_covered_display": "100"}, "missing_lines": [], "excluded_lines": [], "start_line": 149, "executed_branches": [], "missing_branches": []}, "_event_mask": {"executed_lines": [], "summary": {"covered_lines": 0, "num_statements": 5, "percent_covered": 0.0, "percent_covered_display": "0", "missing_lines": 5, "excluded_lines": 0, "percent_statements_covered": 0.0, "percent_statements_covered_display": "0", "num_branches": 2, "num_partial_branches": 0, "covered_branches": 0, "missing_branches": 2, "percent_branches_covered": 0.0, "percent_branches_covered_display": "0"}, "missing_lines": [164, 165, 166, 167, 168], "excluded_lines": [], "start_line": 163, "executed_branches": [], "missing_branches": [[165, 166], [165, 168]]}, "calibrate_threshold": {"executed_lines": [172, 174, 175, 176, 178], "summary": {"covered_lines": 5, "num_statements": 7, "percent_covered": 63.63636363636363, "percent_covered_display": "64", "missing_lines": 2, "excluded_lines": 0, "percent_statements_covered": 71.42857142857143, "percent_statements_covered_display": "71", "num_branches": 4, "num_partial_branches": 2, "covered_branches": 2, "missing_branches": 2, "percent_branches_covered": 50.0, "percent_branches_covered_display": "50"}, "missing_lines": [173, 177], "excluded_lines": [], "start_line": 171, "executed_branches": [[172, 174], [176, 178]], "missing_branches": [[172, 173], [176, 177]]}, "_alarm_onsets": {"executed_lines": [182, 184, 185, 186, 187, 188, 189, 190, 191, 192, 193, 194, 195], "summary": {"covered_lines": 13, "num_statements": 14, "percent_covered": 86.36363636363636, "percent_covered_display": "86", "missing_lines": 1, "excluded_lines": 0, "percent_statements_covered": 92.85714285714286, "percent_statements_covered_display": "93", "num_branches": 8, "num_partial_branches": 2, "covered_branches": 6, "missing_branches": 2, "percent_branches_covered": 75.0, "percent_branches_covered_display": "75"}, "missing_lines": [183], "excluded_lines": [], "start_line": 181, "executed_branches": [[182, 184], [188, 189], [188, 195], [190, 188], [190, 191], [192, 193]], "missing_branches": [[182, 183], [192, 188]]}, "evaluate_detector": {"executed_lines": [210, 211, 212, 213, 214, 215, 216, 221, 222, 223, 224, 225, 226, 227, 228, 229, 230, 231, 232, 233], "summary": {"covered_lines": 20, "num_statements": 20, "percent_covered": 100.0, "percent_covered_display": "100", "missing_lines": 0, "excluded_lines": 0, "percent_statements_covered": 100.0, "percent_statements_covered_display": "100", "num_branches": 4, "num_partial_branches": 0, "covered_branches": 4, "missing_branches": 0, "percent_branches_covered": 100.0, "percent_branches_covered_display": "100"}, "missing_lines": [], "excluded_lines": [], "start_line": 198, "executed_branches": [[215, 216], [215, 225], [221, 215], [221, 222]], "missing_branches": []}, "_bootstrap_median": {"executed_lines": [], "summary": {"covered_lines": 0, "num_statements": 8, "percent_covered": 0.0, "percent_covered_display": "0", "missing_lines": 8, "excluded_lines": 0, "percent_statements_covered": 0.0, "percent_statements_covered_display": "0", "num_branches": 4, "num_partial_branches": 0, "covered_branches": 0, "missing_branches": 4, "percent_branches_covered": 0.0, "percent_branches_covered_display": "0"}, "missing_lines": [252, 253, 254, 255, 256, 257, 258, 259], "excluded_lines": [], "start_line": 251, "executed_branches": [], "missing_branches": [[252, 253], [252, 254], [256, 257], [256, 259]]}, "compare_detectors": {"executed_lines": [263, 264, 265, 266, 267, 268, 269, 273], "summary": {"covered_lines": 8, "num_statements": 10, "percent_covered": 78.57142857142857, "percent_covered_display": "79", "missing_lines": 2, "excluded_lines": 0, "percent_statements_covered": 80.0, "percent_statements_covered_display": "80", "num_branches": 4, "num_partial_branches": 1, "covered_branches": 3, "missing_branches": 1, "percent_branches_covered": 75.0, "percent_branches_covered_display": "75"}, "missing_lines": [271, 272], "excluded_lines": [], "start_line": 262, "executed_branches": [[264, 265], [264, 266], [267, 268]], "missing_branches": [[267, 271]]}, "circular_shift_control": {"executed_lines": [], "summary": {"covered_lines": 0, "num_statements": 22, "percent_covered": 0.0, "percent_covered_display": "0", "missing_lines": 22, "excluded_lines": 0, "percent_statements_covered": 0.0, "percent_statements_covered_display": "0", "num_branches": 12, "num_partial_branches": 0, "covered_branches": 0, "missing_branches": 12, "percent_branches_covered": 0.0, "percent_branches_covered_display": "0"}, "missing_lines": [298, 299, 300, 301, 302, 303, 304, 305, 306, 307, 308, 309, 310, 311, 312, 313, 314, 315, 316, 317, 318, 319], "excluded_lines": [], "start_line": 288, "executed_branches": [], "missing_branches": [[299, 300], [299, 301], [305, 306], [305, 316], [308, 309], [308, 313], [311, 308], [311, 312], [313, 305], [313, 314], [316, 317], [316, 318]]}, "build_evidence_report": {"executed_lines": [], "summary": {"covered_lines": 0, "num_statements": 17, "percent_covered": 0.0, "percent_covered_display": "0", "missing_lines": 17, "excluded_lines": 0, "percent_statements_covered": 0.0, "percent_statements_covered_display": "0", "num_branches": 6, "num_partial_branches": 0, "covered_branches": 0, "missing_branches": 6, "percent_branches_covered": 0.0, "percent_branches_covered_display": "0"}, "missing_lines": [344, 345, 346, 347, 348, 349, 350, 351, 352, 353, 354, 355, 356, 366, 367, 371, 378], "excluded_lines": [], "start_line": 328, "executed_branches": [], "missing_branches": [[344, 345], [344, 346], [346, 347], [346, 348], [354, 355], [354, 366]]}, "": {"executed_lines": [7, 9, 10, 11, 12, 13, 14, 16, 18, 21, 22, 23, 24, 25, 27, 32, 33, 34, 35, 36, 37, 38, 39, 40, 41, 42, 43, 44, 45, 46, 47, 49, 53, 54, 55, 56, 57, 58, 59, 60, 61, 62, 63, 64, 65, 67, 71, 72, 73, 74, 75, 76, 77, 78, 79, 80, 81, 82, 83, 84, 86, 94, 102, 118, 131, 141, 149, 163, 171, 181, 198, 251, 262, 288, 328], "summary": {"covered_lines": 75, "num_statements": 75, "percent_covered": 100.0, "percent_covered_display": "100", "missing_lines": 0, "excluded_lines": 0, "percent_statements_covered": 100.0, "percent_statements_covered_display": "100", "num_branches": 0, "num_partial_branches": 0, "covered_branches": 0, "missing_branches": 0, "percent_branches_covered": 100.0, "percent_branches_covered_display": "100"}, "missing_lines": [], "excluded_lines": [], "start_line": 1, "executed_branches": [], "missing_branches": []}}, "classes": {"EventWindow": {"executed_lines": [28], "summary": {"covered_lines": 1, "num_statements": 2, "percent_covered": 50.0, "percent_covered_display": "50", "missing_lines": 1, "excluded_lines": 0, "percent_statements_covered": 50.0, "percent_statements_covered_display": "50", "num_branches": 2, "num_partial_branches": 1, "covered_branches": 1, "missing_branches": 1, "percent_branches_covered": 50.0, "percent_branches_covered_display": "50"}, "missing_lines": [29], "excluded_lines": [], "start_line": 22, "executed_branches": [[28, -27]], "missing_branches": [[28, 29]]}, "DetectorResult": {"executed_lines": [], "summary": {"covered_lines": 0, "num_statements": 1, "percent_covered": 0.0, "percent_covered_display": "0", "missing_lines": 1, "excluded_lines": 0, "percent_statements_covered": 0.0, "percent_statements_covered_display": "0", "num_branches": 0, "num_partial_branches": 0, "covered_branches": 0, "missing_branches": 0, "percent_branches_covered": 100.0, "percent_branches_covered_display": "100"}, "missing_lines": [50], "excluded_lines": [], "start_line": 33, "executed_branches": [], "missing_branches": []}, "PairedComparison": {"executed_lines": [], "summary": {"covered_lines": 0, "num_statements": 1, "percent_covered": 0.0, "percent_covered_display": "0", "missing_lines": 1, "excluded_lines": 0, "percent_statements_covered": 0.0, "percent_statements_covered_display": "0", "num_branches": 0, "num_partial_branches": 0, "covered_branches": 0, "missing_branches": 0, "percent_branches_covered": 100.0, "percent_branches_covered_display": "100"}, "missing_lines": [68], "excluded_lines": [], "start_line": 54, "executed_branches": [], "missing_branches": []}, "EvidenceReport": {"executed_lines": [], "summary": {"covered_lines": 0, "num_statements": 1, "percent_covered": 0.0, "percent_covered_display": "0", "missing_lines": 1, "excluded_lines": 0, "percent_statements_covered": 0.0, "percent_statements_covered_display": "0", "num_branches": 0, "num_partial_branches": 0, "covered_branches": 0, "missing_branches": 0, "percent_branches_covered": 100.0, "percent_branches_covered_display": "100"}, "missing_lines": [87], "excluded_lines": [], "start_line": 72, "executed_branches": [], "missing_branches": []}, "": {"executed_lines": [7, 9, 10, 11, 12, 13, 14, 16, 18, 21, 22, 23, 24, 25, 27, 32, 33, 34, 35, 36, 37, 38, 39, 40, 41, 42, 43, 44, 45, 46, 47, 49, 53, 54, 55, 56, 57, 58, 59, 60, 61, 62, 63, 64, 65, 67, 71, 72, 73, 74, 75, 76, 77, 78, 79, 80, 81, 82, 83, 84, 86, 94, 102, 104, 105, 107, 108, 109, 111, 112, 113, 114, 115, 118, 119, 121, 122, 123, 124, 125, 126, 127, 128, 131, 132, 134, 135, 136, 137, 138, 141, 142, 143, 146, 149, 151, 152, 153, 163, 171, 172, 174, 175, 176, 178, 181, 182, 184, 185, 186, 187, 188, 189, 190, 191, 192, 193, 194, 195, 198, 210, 211, 212, 213, 214, 215, 216, 221, 222, 223, 224, 225, 226, 227, 228, 229, 230, 231, 232, 233, 251, 262, 263, 264, 265, 266, 267, 268, 269, 273, 288, 328], "summary": {"covered_lines": 152, "num_statements": 218, "percent_covered": 63.92857142857143, "percent_covered_display": "64", "missing_lines": 66, "excluded_lines": 0, "percent_statements_covered": 69.72477064220183, "percent_statements_covered_display": "70", "num_branches": 62, "num_partial_branches": 9, "covered_branches": 27, "missing_branches": 35, "percent_branches_covered": 43.54838709677419, "percent_branches_covered_display": "44"}, "missing_lines": [95, 96, 97, 98, 99, 106, 110, 120, 133, 164, 165, 166, 167, 168, 173, 177, 183, 252, 253, 254, 255, 256, 257, 258, 259, 271, 272, 298, 299, 300, 301, 302, 303, 304, 305, 306, 307, 308, 309, 310, 311, 312, 313, 314, 315, 316, 317, 318, 319, 344, 345, 346, 347, 348, 349, 350, 351, 352, 353, 354, 355, 356, 366, 367, 371, 378], "excluded_lines": [], "start_line": 1, "executed_branches": [[105, 107], [109, 111], [112, 113], [112, 114], [119, 121], [123, 124], [123, 128], [125, 126], [125, 127], [132, 134], [136, 137], [136, 138], [172, 174], [176, 178], [182, 184], [188, 189], [188, 195], [190, 188], [190, 191], [192, 193], [215, 216], [215, 225], [221, 215], [221, 222], [264, 265], [264, 266], [267, 268]], "missing_branches": [[97, 98], [97, 99], [105, 106], [109, 110], [119, 120], [132, 133], [165, 166], [165, 168], [172, 173], [176, 177], [182, 183], [192, 188], [252, 253], [252, 254], [256, 257], [256, 259], [267, 271], [299, 300], [299, 301], [305, 306], [305, 316], [308, 309], [308, 313], [311, 308], [311, 312], [313, 305], [313, 314], [316, 317], [316, 318], [344, 345], [344, 346], [346, 347], [346, 348], [354, 355], [354, 366]]}}}, "src\\mcs\\experiments.py": {"executed_lines": [26, 28, 30, 31, 38, 39, 42, 43, 44, 45, 46, 47, 48, 51, 53, 54, 57, 66, 67, 68, 69, 70, 71, 72, 73, 74, 75, 76, 77, 88, 92, 100, 101, 102, 103, 104, 105, 106, 107, 110, 133, 134, 145, 147, 148, 149, 150, 153, 175, 176, 177, 178, 179, 180, 181, 182, 183, 184, 185, 186, 187, 188, 189, 190, 191, 192, 193, 194], "summary": {"covered_lines": 68, "num_statements": 68, "percent_covered": 100.0, "percent_covered_display": "100", "missing_lines": 0, "excluded_lines": 0, "percent_statements_covered": 100.0, "percent_statements_covered_display": "100", "num_branches": 10, "num_partial_branches": 0, "covered_branches": 10, "missing_branches": 0, "percent_branches_covered": 100.0, "percent_branches_covered_display": "100"}, "missing_lines": [], "excluded_lines": [], "executed_branches": [[72, 73], [72, 77], [181, 182], [181, 194], [183, 184], [183, 187], [189, 181], [189, 190], [190, 191], [190, 192]], "missing_branches": [], "functions": {"load_ramp": {"executed_lines": [53, 54], "summary": {"covered_lines": 2, "num_statements": 2, "percent_covered": 100.0, "percent_covered_display": "100", "missing_lines": 0, "excluded_lines": 0, "percent_statements_covered": 100.0, "percent_statements_covered_display": "100", "num_branches": 0, "num_partial_branches": 0, "covered_branches": 0, "missing_branches": 0, "percent_branches_covered": 100.0, "percent_branches_covered_display": "100"}, "missing_lines": [], "excluded_lines": [], "start_line": 51, "executed_branches": [], "missing_branches": []}, "hysteresis_loop": {"executed_lines": [66, 67, 68, 69, 70, 71, 72, 73, 74, 75, 76, 77], "summary": {"covered_lines": 12, "num_statements": 12, "percent_covered": 100.0, "percent_covered_display": "100", "missing_lines": 0, "excluded_lines": 0, "percent_statements_covered": 100.0, "percent_statements_covered_display": "100", "num_branches": 2, "num_partial_branches": 0, "covered_branches": 2, "missing_branches": 0, "percent_branches_covered": 100.0, "percent_branches_covered_display": "100"}, "missing_lines": [], "excluded_lines": [], "start_line": 57, "executed_branches": [[72, 73], [72, 77]], "missing_branches": []}, "memoryless_config": {"executed_lines": [92], "summary": {"covered_lines": 1, "num_statements": 1, "percent_covered": 100.0, "percent_covered_display": "100", "missing_lines": 0, "excluded_lines": 0, "percent_statements_covered": 100.0, "percent_statements_covered_display": "100", "num_branches": 0, "num_partial_branches": 0, "covered_branches": 0, "missing_branches": 0, "percent_branches_covered": 100.0, "percent_branches_covered_display": "100"}, "missing_lines": [], "excluded_lines": [], "start_line": 88, "executed_branches": [], "missing_branches": []}, "perturbation_slope": {"executed_lines": [133, 147, 148, 149, 150], "summary": {"covered_lines": 5, "num_statements": 5, "percent_covered": 100.0, "percent_covered_display": "100", "missing_lines": 0, "excluded_lines": 0, "percent_statements_covered": 100.0, "percent_statements_covered_display": "100", "num_branches": 0, "num_partial_branches": 0, "covered_branches": 0, "missing_branches": 0, "percent_branches_covered": 100.0, "percent_branches_covered_display": "100"}, "mis
[...]
15, 118], "summary": {"covered_lines": 31, "num_statements": 31, "percent_covered": 100.0, "percent_covered_display": "100", "missing_lines": 0, "excluded_lines": 0, "percent_statements_covered": 100.0, "percent_statements_covered_display": "100", "num_branches": 0, "num_partial_branches": 0, "covered_branches": 0, "missing_branches": 0, "percent_branches_covered": 100.0, "percent_branches_covered_display": "100"}, "missing_lines": [], "excluded_lines": [], "executed_branches": [], "missing_branches": [], "functions": {"progressive_recovery": {"executed_lines": [18, 21, 22], "summary": {"covered_lines": 3, "num_statements": 3, "percent_covered": 100.0, "percent_covered_display": "100", "missing_lines": 0, "excluded_lines": 0, "percent_statements_covered": 100.0, "percent_statements_covered_display": "100", "num_branches": 0, "num_partial_branches": 0, "covered_branches": 0, "missing_branches": 0, "percent_branches_covered": 100.0, "percent_branches_covered_display": "100"}, "missing_lines": [], "excluded_lines": [], "start_line": 14, "executed_branches": [], "missing_branches": []}, "progressive_recovery.L": {"executed_lines": [19], "summary": {"covered_lines": 1, "num_statements": 1, "percent_covered": 100.0, "percent_covered_display": "100", "missing_lines": 0, "excluded_lines": 0, "percent_statements_covered": 100.0, "percent_statements_covered_display": "100", "num_branches": 0, "num_partial_branches": 0, "covered_branches": 0, "missing_branches": 0, "percent_branches_covered": 100.0, "percent_branches_covered_display": "100"}, "missing_lines": [], "excluded_lines": [], "start_line": 18, "executed_branches": [], "missing_branches": []}, "slow_degradation": {"executed_lines": [28, 36], "summary": {"covered_lines": 2, "num_statements": 2, "percent_covered": 100.0, "percent_covered_display": "100", "missing_lines": 0, "excluded_lines": 0, "percent_statements_covered": 100.0, "percent_statements_covered_display": "100", "num_branches": 0, "num_partial_branches": 0, "covered_branches": 0, "missing_branches": 0, "percent_branches_covered": 100.0, "percent_branches_covered_display": "100"}, "missing_lines": [], "excluded_lines": [], "start_line": 25, "executed_branches": [], "missing_branches": []}, "control_overshoot": {"executed_lines": [42, 53], "summary": {"covered_lines": 2, "num_statements": 2, "percent_covered": 100.0, "percent_covered_display": "100", "missing_lines": 0, "excluded_lines": 0, "percent_statements_covered": 100.0, "percent_statements_covered_display": "100", "num_branches": 0, "num_partial_branches": 0, "covered_branches": 0, "missing_branches": 0, "percent_branches_covered": 100.0, "percent_branches_covered_display": "100"}, "missing_lines": [], "excluded_lines": [], "start_line": 39, "executed_branches": [], "missing_branches": []}, "chamber_recovery": {"executed_lines": [59, 67], "summary": {"covered_lines": 2, "num_statements": 2, "percent_covered": 100.0, "percent_covered_display": "100", "missing_lines": 0, "excluded_lines": 0, "percent_statements_covered": 100.0, "percent_statements_covered_display": "100", "num_branches": 0, "num_partial_branches": 0, "covered_branches": 0, "missing_branches": 0, "percent_branches_covered": 100.0, "percent_branches_covered_display": "100"}, "missing_lines": [], "excluded_lines": [], "start_line": 56, "executed_branches": [], "missing_branches": []}, "coupled_cascade": {"executed_lines": [73, 74, 75, 76, 81], "summary": {"covered_lines": 5, "num_statements": 5, "percent_covered": 100.0, "percent_covered_display": "100", "missing_lines": 0, "excluded_lines": 0, "percent_statements_covered": 100.0, "percent_statements_covered_display": "100", "num_branches": 0, "num_partial_branches": 0, "covered_branches": 0, "missing_branches": 0, "percent_branches_covered": 100.0, "percent_branches_covered_display": "100"}, "missing_lines": [], "excluded_lines": [], "start_line": 70, "executed_branches": [], "missing_branches": []}, "project_team": {"executed_lines": [106, 115], "summary": {"covered_lines": 2, "num_statements": 2, "percent_covered": 100.0, "percent_covered_display": "100", "missing_lines": 0, "excluded_lines": 0, "percent_statements_covered": 100.0, "percent_statements_covered_display": "100", "num_branches": 0, "num_partial_branches": 0, "covered_branches": 0, "missing_branches": 0, "percent_branches_covered": 100.0, "percent_branches_covered_display": "100"}, "missing_lines": [], "excluded_lines": [], "start_line": 100, "executed_branches": [], "missing_branches": []}, "": {"executed_lines": [7, 9, 10, 11, 14, 25, 39, 56, 70, 89, 96, 97, 100, 118], "summary": {"covered_lines": 14, "num_statements": 14, "percent_covered": 100.0, "percent_covered_display": "100", "missing_lines": 0, "excluded_lines": 0, "percent_statements_covered": 100.0, "percent_statements_covered_display": "100", "num_branches": 0, "num_partial_branches": 0, "covered_branches": 0, "missing_branches": 0, "percent_branches_covered": 100.0, "percent_branches_covered_display": "100"}, "missing_lines": [], "excluded_lines": [], "start_line": 1, "executed_branches": [], "missing_branches": []}}, "classes": {"": {"executed_lines": [7, 9, 10, 11, 14, 18, 19, 21, 22, 25, 28, 36, 39, 42, 53, 56, 59, 67, 70, 73, 74, 75, 76, 81, 89, 96, 97, 100, 106, 115, 118], "summary": {"covered_lines": 31, "num_statements": 31, "percent_covered": 100.0, "percent_covered_display": "100", "missing_lines": 0, "excluded_lines": 0, "percent_statements_covered": 100.0, "percent_statements_covered_display": "100", "num_branches": 0, "num_partial_branches": 0, "covered_branches": 0, "missing_branches": 0, "percent_branches_covered": 100.0, "percent_branches_covered_display": "100"}, "missing_lines": [], "excluded_lines": [], "start_line": 1, "executed_branches": [], "missing_branches": []}}}, "src\\mcs\\simulator.py": {"executed_lines": [15, 17, 18, 20, 21, 22, 24, 27, 29, 30, 31, 32, 33, 35, 38, 39, 48, 49, 50, 53, 54, 55, 56, 59, 60, 61, 64, 67, 70, 73, 74, 76, 77, 78, 79, 80, 81, 82, 83, 84, 85, 86, 87, 88, 89, 92, 93, 96, 97, 98, 99, 100, 101, 102, 103, 104, 105, 106, 107, 108, 109, 111, 112, 130, 131, 134, 136, 137, 138, 139, 141, 142, 143, 144, 146, 148, 149, 150, 151, 154, 155, 156, 158, 161, 162, 163, 166, 167, 168, 169, 170, 171, 172, 173, 174, 175, 176, 177, 178, 181, 182, 184, 187, 188, 189, 190, 191, 193, 194, 195, 197, 198, 199, 200, 201, 204, 206], "summary": {"covered_lines": 117, "num_statements": 118, "percent_covered": 98.57142857142857, "percent_covered_display": "99", "missing_lines": 1, "excluded_lines": 0, "percent_statements_covered": 99.15254237288136, "percent_statements_covered_display": "99", "num_branches": 22, "num_partial_branches": 1, "covered_branches": 21, "missing_branches": 1, "percent_branches_covered": 95.45454545454545, "percent_branches_covered_display": "95"}, "missing_lines": [34], "excluded_lines": [], "executed_branches": [[29, 30], [29, 31], [31, 32], [31, 33], [33, 35], [87, 88], [87, 89], [136, 137], [136, 138], [146, 148], [146, 206], [154, 155], [154, 158], [181, 182], [181, 184], [188, 189], [188, 193], [197, 198], [197, 200], [200, 201], [200, 204]], "missing_branches": [[33, 34]], "functions": {"_at": {"executed_lines": [29, 30, 31, 32, 33, 35], "summary": {"covered_lines": 6, "num_statements": 7, "percent_covered": 84.61538461538461, "percent_covered_display": "85", "missing_lines": 1, "excluded_lines": 0, "percent_statements_covered": 85.71428571428571, "percent_statements_covered_display": "86", "num_branches": 6, "num_partial_branches": 1, "covered_branches": 5, "missing_branches": 1, "percent_branches_covered": 83.33333333333333, "percent_branches_covered_display": "83"}, "missing_lines": [34], "excluded_lines": [], "start_line": 27, "executed_branches": [[29, 30], [29, 31], [31, 32], [31, 33], [33, 35]], "missing_branches": [[33, 34]]}, "SimConfig.__post_init__": {"executed_lines": [77, 78, 79, 80, 81, 82, 83, 84, 85, 86, 87, 88, 89], "summary": {"covered_lines": 13, "num_statements": 13, "percent_covered": 100.0, "percent_covered_display": "100", "missing_lines": 0, "excluded_lines": 0, "percent_statements_covered": 100.0, "percent_statements_covered_display": "100", "num_branches": 2, "num_partial_branches": 0, "covered_branches": 2, "missing_branches": 0, "percent_branches_covered": 100.0, "percent_branches_covered_display": "100"}, "missing_lines": [], "excluded_lines": [], "start_line": 76, "executed_branches": [[87, 88], [87, 89]], "missing_branches": []}, "SimResult.to_dict": {"executed_lines": [112, 130, 131], "summary": {"covered_lines": 3, "num_statements": 3, "percent_covered": 100.0, "percent_covered_display": "100", "missing_lines": 0, "excluded_lines": 0, "percent_statements_covered": 100.0, "percent_statements_covered_display": "100", "num_branches": 0, "num_partial_branches": 0, "covered_branches": 0, "missing_branches": 0, "percent_branches_covered": 100.0, "percent_branches_covered_display": "100"}, "missing_lines": [], "excluded_lines": [], "start_line": 111, "executed_branches": [], "missing_branches": []}, "simulate": {"executed_lines": [136, 137, 138, 139, 141, 142, 143, 144, 146, 148, 149, 150, 151, 154, 155, 156, 158, 161, 162, 163, 166, 167, 168, 169, 170, 171, 172, 173, 174, 175, 176, 177, 178, 181, 182, 184, 187, 188, 189, 190, 191, 193, 194, 195, 197, 198, 199, 200, 201, 204, 206], "summary": {"covered_lines": 51, "num_statements": 51, "percent_covered": 100.0, "percent_covered_display": "100", "missing_lines": 0, "excluded_lines": 0, "percent_statements_covered": 100.0, "percent_statements_covered_display": "100", "num_branches": 14, "num_partial_branches": 0, "covered_branches": 14, "missing_branches": 0, "percent_branches_covered": 100.0, "percent_branches_covered_display": "100"}, "missing_lines": [], "excluded_lines": [], "start_line": 134, "executed_branches": [[136, 137], [136, 138], [146, 148], [146, 206], [154, 155], [154, 158], [181, 182], [181, 184], [188, 189], [188, 193], [197, 198], [197, 200], [200, 201], [200, 204]], "missing_branches": []}, "": {"executed_lines": [15, 17, 18, 20, 21, 22, 24, 27, 38, 39, 48, 49, 50, 53, 54, 55, 56, 59, 60, 61, 64, 67, 70, 73, 74, 76, 92, 93, 96, 97, 98, 99, 100, 101, 102, 103, 104, 105, 106, 107, 108, 109, 111, 134], "summary": {"covered_lines": 44, "num_statements": 44, "percent_covered": 100.0, "percent_covered_display": "100", "missing_lines": 0, "excluded_lines": 0, "percent_statements_covered": 100.0, "percent_statements_covered_display": "100", "num_branches": 0, "num_partial_branches": 0, "covered_branches": 0, "missing_branches": 0, "percent_branches_covered": 100.0, "percent_branches_covered_display": "100"}, "missing_lines": [], "excluded_lines": [], "start_line": 1, "executed_branches": [], "missing_branches": []}}, "classes": {"SimConfig": {"executed_lines": [77, 78, 79, 80, 81, 82, 83, 84, 85, 86, 87, 88, 89], "summary": {"covered_lines": 13, "num_statements": 13, "percent_covered": 100.0, "percent_covered_display": "100", "missing_lines": 0, "excluded_lines": 0, "percent_statements_covered": 100.0, "percent_statements_covered_display": "100", "num_branches": 2, "num_partial_branches": 0, "covered_branches": 2, "missing_branches": 0, "percent_branches_covered": 100.0, "percent_branches_covered_display": "100"}, "missing_lines": [], "excluded_lines": [], "start_line": 39, "executed_branches": [[87, 88], [87, 89]], "missing_branches": []}, "SimResult": {"executed_lines": [112, 130, 131], "summary": {"covered_lines": 3, "num_statements": 3, "percent_covered": 100.0, "percent_covered_display": "100", "missing_lines": 0, "excluded_lines": 0, "percent_statements_covered": 100.0, "percent_statements_covered_display": "100", "num_branches": 0, "num_partial_branches": 0, "covered_branches": 0, "missing_branches": 0, "percent_branches_covered": 100.0, "percent_branches_covered_display": "100"}, "missing_lines": [], "excluded_lines": [], "start_line": 93, "executed_branches": [], "missing_branches": []}, "": {"executed_lines": [15, 17, 18, 20, 21, 22, 24, 27, 29, 30, 31, 32, 33, 35, 38, 39, 48, 49, 50, 53, 54, 55, 56, 59, 60, 61, 64, 67, 70, 73, 74, 76, 92, 93, 96, 97, 98, 99, 100, 101, 102, 103, 104, 105, 106, 107, 108, 109, 111, 134, 136, 137, 138, 139, 141, 142, 143, 144, 146, 148, 149, 150, 151, 154, 155, 156, 158, 161, 162, 163, 166, 167, 168, 169, 170, 171, 172, 173, 174, 175, 176, 177, 178, 181, 182, 184, 187, 188, 189, 190, 191, 193, 194, 195, 197, 198, 199, 200, 201, 204, 206], "summary": {"covered_lines": 101, "num_statements": 102, "percent_covered": 98.36065573770492, "percent_covered_display": "98", "missing_lines": 1, "excluded_lines": 0, "percent_statements_covered": 99.01960784313725, "percent_statements_covered_display": "99", "num_branches": 20, "num_partial_branches": 1, "covered_branches": 19, "missing_branches": 1, "percent_branches_covered": 95.0, "percent_branches_covered_display": "95"}, "missing_lines": [34], "excluded_lines": [], "start_line": 1, "executed_branches": [[29, 30], [29, 31], [31, 32], [31, 33], [33, 35], [136, 137], [136, 138], [146, 148], [146, 206], [154, 155], [154, 158], [181, 182], [181, 184], [188, 189], [188, 193], [197, 198], [197, 200], [200, 201], [200, 204]], "missing_branches": [[33, 34]]}}}, "src\\mcs\\validation.py": {"executed_lines": [3, 5, 6, 8, 11, 12, 13, 15, 18, 19, 20, 21, 22, 25, 26, 27, 28, 29, 32, 33, 34, 35, 36, 39, 40, 41, 42, 43, 45, 46, 47, 48, 49, 52, 54, 55, 56, 57, 58, 59, 61, 62, 63, 64], "summary": {"covered_lines": 44, "num_statements": 47, "percent_covered": 91.54929577464789, "percent_covered_display": "92", "missing_lines": 3, "excluded_lines": 0, "percent_statements_covered": 93.61702127659575, "percent_statements_covered_display": "94", "num_branches": 24, "num_partial_branches": 3, "covered_branches": 21, "missing_branches": 3, "percent_branches_covered": 87.5, "percent_branches_covered_display": "88"}, "missing_lines": [14, 44, 60], "excluded_lines": [], "executed_branches": [[13, 15], [20, 21], [20, 22], [27, 28], [27, 29], [34, 35], [34, 36], [43, 45], [45, 46], [45, 47], [47, 48], [47, 49], [54, 55], [54, 56], [56, 57], [56, 59], [59, 61], [61, 62], [61, 63], [63, -52], [63, 64]], "missing_branches": [[13, 14], [43, 44], [59, 60]], "functions": {"finite": {"executed_lines": [12, 13, 15], "summary": {"covered_lines": 3, "num_statements": 4, "percent_covered": 66.66666666666667, "percent_covered_display": "67", "missing_lines": 1, "excluded_lines": 0, "percent_statements_covered": 75.0, "percent_statements_covered_display": "75", "num_branches": 2, "num_partial_branches": 1, "covered_branches": 1, "missing_branches": 1, "percent_branches_covered": 50.0, "percent_branches_covered_display": "50"}, "missing_lines": [14], "excluded_lines": [], "start_line": 11, "executed_branches": [[13, 15]], "missing_branches": [[13, 14]]}, "non_negative": {"executed_lines": [19, 20, 21, 22], "summary": {"covered_lines": 4, "num_statements": 4, "percent_covered": 100.0, "percent_covered_display": "100", "missing_lines": 0, "excluded_lines": 0, "percent_statements_covered": 100.0, "percent_statements_covered_display": "100", "num_branches": 2, "num_partial_branches": 0, "covered_branches": 2, "missing_branches": 0, "percent_branches_covered": 100.0, "percent_branches_covered_display": "100"}, "missing_lines": [], "excluded_lines": [], "start_line": 18, "executed_branches": [[20, 21], [20, 22]], "missing_branches": []}, "positive": {"executed_lines": [26, 27, 28, 29], "summary": {"covered_lines": 4, "num_statements": 4, "percent_covered": 100.0, "percent_covered_display": "100", "missing_lines": 0, "excluded_lines": 0, "percent_statements_covered": 100.0, "percent_statements_covered_display": "100", "num_branches": 2, "num_partial_branches": 0, "covered_branches": 2, "missing_branches": 0, "percent_branches_covered": 100.0, "percent_branches_covered_display": "100"}, "missing_lines": [], "excluded_lines": [], "start_line": 25, "executed_branches": [[27, 28], [27, 29]], "missing_branches": []}, "unit_interval": {"executed_lines": [33, 34, 35, 36], "summary": {"covered_lines": 4, "num_statements": 4, "percent_covered": 100.0, "percent_covered_display": "100", "missing_lines": 0, "excluded_lines": 0, "percent_statements_covered": 100.0, "percent_statements_covered_display": "100", "num_branches": 2, "num_partial_branches": 0, "covered_branches": 2, "missing_branches": 0, "percent_branches_covered": 100.0, "percent_branches_covered_display": "100"}, "missing_lines": [], "excluded_lines": [], "start_line": 32, "executed_branches": [[34, 35], [34, 36]], "missing_branches": []}, "validate_thresholds": {"executed_lines": [40, 41, 42, 43, 45, 46, 47, 48, 49], "summary": {"covered_lines": 9, "num_statements": 10, "percent_covered": 87.5, "percent_covered_display": "88", "missing_lines": 1, "excluded_lines": 0, "percent_statements_covered": 90.0, "percent_statements_covered_display": "90", "num_branches": 6, "num_partial_branches": 1, "covered_branches": 5, "missing_branches": 1, "percent_branches_covered": 83.33333333333333, "percent_branches_covered_display": "83"}, "missing_lines": [44], "excluded_lines": [], "start_line": 39, "executed_branches": [[43, 45], [45, 46], [45, 47], [47, 48], [47, 49]], "missing_branches": [[43, 44]]}, "validate_series": {"executed_lines": [54, 55, 56, 57, 58, 59, 61, 62, 63, 64], "summary": {"covered_lines": 10, "num_statements": 11, "percent_covered": 90.47619047619048, "percent_covered_display": "90", "missing_lines": 1, "excluded_lines": 0, "percent_statements_covered": 90.9090909090909, "percent_statements_covered_display": "91", "num_branches": 10, "num_partial_branches": 1, "covered_branches": 9, "missing_branches": 1, "percent_branches_covered": 90.0, "percent_branches_covered_display": "90"}, "missing_lines": [60], "excluded_lines": [], "start_line": 52, "executed_branches": [[54, 55], [54, 56], [56, 57], [56, 59], [59, 61], [61, 62], [61, 63], [63, -52], [63, 64]], "missing_branches": [[59, 60]]}, "": {"executed_lines": [3, 5, 6, 8, 11, 18, 25, 32, 39, 52], "summary": {"covered_lines": 10, "num_statements": 10, "percent_covered": 100.0, "percent_covered_display": "100", "missing_lines": 0, "excluded_lines": 0, "percent_statements_covered": 100.0, "percent_statements_covered_display": "100", "num_branches": 0, "num_partial_branches": 0, "covered_branches": 0, "missing_branches": 0, "percent_branches_covered": 100.0, "percent_branches_covered_display": "100"}, "missing_lines": [], "excluded_lines": [], "start_line": 1, "executed_branches": [], "missing_branches": []}}, "classes": {"": {"executed_lines": [3, 5, 6, 8, 11, 12, 13, 15, 18, 19, 20, 21, 22, 25, 26, 27, 28, 29, 32, 33, 34, 35, 36, 39, 40, 41, 42, 43, 45, 46, 47, 48, 49, 52, 54, 55, 56, 57, 58, 59, 61, 62, 63, 64], "summary": {"covered_lines": 44, "num_statements": 47, "percent_covered": 91.54929577464789, "percent_covered_display": "92", "missing_lines": 3, "excluded_lines": 0, "percent_statements_covered": 93.61702127659575, "percent_statements_covered_display": "94", "num_branches": 24, "num_partial_branches": 3, "covered_branches": 21, "missing_branches": 3, "percent_branches_covered": 87.5, "percent_branches_covered_display": "88"}, "missing_lines": [14, 44, 60], "excluded_lines": [], "start_line": 1, "executed_branches": [[13, 15], [20, 21], [20, 22], [27, 28], [27, 29], [34, 35], [34, 36], [43, 45], [45, 46], [45, 47], [47, 48], [47, 49], [54, 55], [54, 56], [56, 57], [56, 59], [59, 61], [61, 62], [61, 63], [63, -52], [63, 64]], "missing_branches": [[13, 14], [43, 44], [59, 60]]}}}}, "totals": {"covered_lines": 1481, "num_statements": 1647, "percent_covered": 86.69926650366749, "percent_covered_display": "87", "missing_lines": 166, "excluded_lines": 2, "percent_statements_covered": 89.9210686095932, "percent_statements_covered_display": "90", "num_branches": 398, "num_partial_branches": 58, "covered_branches": 292, "missing_branches": 106, "percent_branches_covered": 73.36683417085428, "percent_branches_covered_display": "73"}}